#
# There is insufficient memory for the Java Runtime Environment to continue.
# Native memory allocation (malloc) failed to allocate 1981456 bytes for Chunk::new
# Possible reasons:
#   The system is out of physical RAM or swap space
#   In 32 bit mode, the process size limit was hit
# Possible solutions:
#   Reduce memory load on the system
#   Increase physical memory or swap space
#   Check if swap backing store is full
#   Use 64 bit Java on a 64 bit OS
#   Decrease Java heap size (-Xmx/-Xms)
#   Decrease number of Java threads
#   Decrease Java thread stack sizes (-Xss)
#   Set larger code cache with -XX:ReservedCodeCacheSize=
# This output file may be truncated or incomplete.
#
#  Out of Memory Error (allocation.cpp:390), pid=22440, tid=0x000000000000264c
#
# JRE version: Java(TM) SE Runtime Environment (8.0_111-b14) (build 1.8.0_111-b14)
# Java VM: Java HotSpot(TM) 64-Bit Server VM (25.111-b14 mixed mode windows-amd64 compressed oops)
# Failed to write core dump. Minidumps are not enabled by default on client versions of Windows
#

---------------  T H R E A D  ---------------

Current thread (0x0000000017b3a800):  JavaThread "C2 CompilerThread0" daemon [_thread_in_native, id=9804, stack(0x0000000018310000,0x0000000018410000)]

Stack: [0x0000000018310000,0x0000000018410000]
[error occurred during error reporting (printing stack bounds), id 0xc0000005]

Native frames: (J=compiled Java code, j=interpreted, Vv=VM code, C=native code)


Current CompileTask:
C2:  14573 4581       4       java.util.Arrays::sort (47 bytes)


---------------  P R O C E S S  ---------------

Java Threads: ( => current thread )
  0x0000000017be1800 JavaThread "Service Thread" daemon [_thread_blocked, id=7344, stack(0x0000000018710000,0x0000000018810000)]
  0x0000000017b56800 JavaThread "C1 CompilerThread3" daemon [_thread_blocked, id=7888, stack(0x0000000018610000,0x0000000018710000)]
  0x0000000017b49800 JavaThread "C2 CompilerThread2" daemon [_thread_blocked, id=19060, stack(0x0000000018510000,0x0000000018610000)]
  0x0000000017b3f000 JavaThread "C2 CompilerThread1" daemon [_thread_blocked, id=13100, stack(0x0000000018410000,0x0000000018510000)]
=>0x0000000017b3a800 JavaThread "C2 CompilerThread0" daemon [_thread_in_native, id=9804, stack(0x0000000018310000,0x0000000018410000)]
  0x0000000017b38800 JavaThread "Attach Listener" daemon [_thread_blocked, id=16104, stack(0x0000000018210000,0x0000000018310000)]
  0x0000000017b37000 JavaThread "Signal Dispatcher" daemon [_thread_blocked, id=16652, stack(0x0000000018110000,0x0000000018210000)]
  0x0000000015c43800 JavaThread "Finalizer" daemon [_thread_blocked, id=8580, stack(0x0000000017f10000,0x0000000018010000)]
  0x00000000032b7000 JavaThread "Reference Handler" daemon [_thread_blocked, id=2936, stack(0x0000000017a10000,0x0000000017b10000)]
  0x00000000030be800 JavaThread "main" [_thread_in_vm, id=20840, stack(0x00000000030c0000,0x00000000031c0000)]

Other Threads:
  0x0000000015c38000 VMThread [stack: 0x0000000017910000,0x0000000017a10000] [id=16632]
  0x0000000017be6800 WatcherThread [stack: 0x0000000018810000,0x0000000018910000] [id=22720]

VM state:not at safepoint (normal execution)

VM Mutex/Monitor currently owned by a thread: None

Heap:
 PSYoungGen      total 134144K, used 102934K [0x00000000eb980000, 0x00000000f4680000, 0x0000000100000000)
  eden space 125440K, 82% used [0x00000000eb980000,0x00000000f1e05a08,0x00000000f3400000)
  from space 8704K, 0% used [0x00000000f3d00000,0x00000000f3d00000,0x00000000f4580000)
  to   space 9216K, 0% used [0x00000000f3400000,0x00000000f3400000,0x00000000f3d00000)
 ParOldGen       total 35328K, used 10381K [0x00000000c2c00000, 0x00000000c4e80000, 0x00000000eb980000)
  object space 35328K, 29% used [0x00000000c2c00000,0x00000000c36234a8,0x00000000c4e80000)
 Metaspace       used 25452K, capacity 26514K, committed 26752K, reserved 1073152K
  class space    used 3106K, capacity 3359K, committed 3456K, reserved 1048576K

Card table byte_map: [0x0000000012680000,0x0000000012870000] byte_map_base: 0x000000001206a000

Marking Bits: (ParMarkBitMap*) 0x000000006b65a6c0
 Begin Bits: [0x00000000131c0000, 0x0000000014110000)
 End Bits:   [0x0000000014110000, 0x0000000015060000)

Polling page: 0x0000000002f00000

CodeCache: size=245760Kb used=15535Kb max_used=16288Kb free=230224Kb
 bounds [0x00000000032c0000, 0x0000000004310000, 0x00000000122c0000]
 total_blobs=4689 nmethods=4255 adapters=346
 compilation: enabled

Compilation events (10 events):
Event: 14.433 Thread 0x0000000017b56800 nmethod 4666 0x0000000003a4eed0 code [0x0000000003a4f040, 0x0000000003a4f250]
Event: 14.447 Thread 0x0000000017b3f000 nmethod 4580 0x00000000042da350 code [0x00000000042dafe0, 0x00000000042e7aa8]
Event: 14.482 Thread 0x0000000017b56800 4667  s    3       java.io.ExpiringCache::put (70 bytes)
Event: 14.483 Thread 0x0000000017b56800 nmethod 4667 0x0000000003605610 code [0x00000000036057e0, 0x0000000003605f48]
Event: 14.483 Thread 0x0000000017b56800 4668       3       java.io.ExpiringCache$Entry::<init> (15 bytes)
Event: 14.483 Thread 0x0000000017b56800 nmethod 4668 0x0000000003401150 code [0x00000000034012a0, 0x0000000003401470]
Event: 14.483 Thread 0x0000000017b56800 4669       3       java.io.ExpiringCache$1::removeEldestEntry (20 bytes)
Event: 14.483 Thread 0x0000000017b56800 nmethod 4669 0x00000000035a6b90 code [0x00000000035a6d00, 0x00000000035a6f50]
Event: 14.549 Thread 0x0000000017b56800 4670       1       org.apache.maven.plugin.war.util.WebappStructure::getFullStructure (5 bytes)
Event: 14.549 Thread 0x0000000017b56800 nmethod 4670 0x000000000343e890 code [0x000000000343e9e0, 0x000000000343eaf0]

GC Heap History (10 events):
Event: 3.999 GC heap before
{Heap before GC invocations=5 (full 0):
 PSYoungGen      total 34304K, used 34288K [0x00000000eb980000, 0x00000000edd80000, 0x0000000100000000)
  eden space 31744K, 100% used [0x00000000eb980000,0x00000000ed880000,0x00000000ed880000)
  from space 2560K, 99% used [0x00000000edb00000,0x00000000edd7c030,0x00000000edd80000)
  to   space 2560K, 0% used [0x00000000ed880000,0x00000000ed880000,0x00000000edb00000)
 ParOldGen       total 42496K, used 5984K [0x00000000c2c00000, 0x00000000c5580000, 0x00000000eb980000)
  object space 42496K, 14% used [0x00000000c2c00000,0x00000000c31d82a8,0x00000000c5580000)
 Metaspace       used 15729K, capacity 16116K, committed 16256K, reserved 1062912K
  class space    used 2016K, capacity 2171K, committed 2176K, reserved 1048576K
Event: 4.015 GC heap after
Heap after GC invocations=5 (full 0):
 PSYoungGen      total 34304K, used 2528K [0x00000000eb980000, 0x00000000f0580000, 0x0000000100000000)
  eden space 31744K, 0% used [0x00000000eb980000,0x00000000eb980000,0x00000000ed880000)
  from space 2560K, 98% used [0x00000000ed880000,0x00000000edaf8020,0x00000000edb00000)
  to   space 7168K, 0% used [0x00000000efe80000,0x00000000efe80000,0x00000000f0580000)
 ParOldGen       total 42496K, used 10730K [0x00000000c2c00000, 0x00000000c5580000, 0x00000000eb980000)
  object space 42496K, 25% used [0x00000000c2c00000,0x00000000c367aab8,0x00000000c5580000)
 Metaspace       used 15729K, capacity 16116K, committed 16256K, reserved 1062912K
  class space    used 2016K, capacity 2171K, committed 2176K, reserved 1048576K
}
Event: 6.138 GC heap before
{Heap before GC invocations=6 (full 0):
 PSYoungGen      total 34304K, used 34272K [0x00000000eb980000, 0x00000000f0580000, 0x0000000100000000)
  eden space 31744K, 100% used [0x00000000eb980000,0x00000000ed880000,0x00000000ed880000)
  from space 2560K, 98% used [0x00000000ed880000,0x00000000edaf8020,0x00000000edb00000)
  to   space 7168K, 0% used [0x00000000efe80000,0x00000000efe80000,0x00000000f0580000)
 ParOldGen       total 42496K, used 10730K [0x00000000c2c00000, 0x00000000c5580000, 0x00000000eb980000)
  object space 42496K, 25% used [0x00000000c2c00000,0x00000000c367aab8,0x00000000c5580000)
 Metaspace       used 18879K, capacity 19488K, committed 19712K, reserved 1067008K
  class space    used 2362K, capacity 2513K, committed 2560K, reserved 1048576K
Event: 6.159 GC heap after
Heap after GC invocations=6 (full 0):
 PSYoungGen      total 70144K, used 6630K [0x00000000eb980000, 0x00000000f0680000, 0x0000000100000000)
  eden space 62976K, 0% used [0x00000000eb980000,0x00000000eb980000,0x00000000ef700000)
  from space 7168K, 92% used [0x00000000efe80000,0x00000000f04f9a50,0x00000000f0580000)
  to   space 7680K, 0% used [0x00000000ef700000,0x00000000ef700000,0x00000000efe80000)
 ParOldGen       total 42496K, used 10738K [0x00000000c2c00000, 0x00000000c5580000, 0x00000000eb980000)
  object space 42496K, 25% used [0x00000000c2c00000,0x00000000c367cab8,0x00000000c5580000)
 Metaspace       used 18879K, capacity 19488K, committed 19712K, reserved 1067008K
  class space    used 2362K, capacity 2513K, committed 2560K, reserved 1048576K
}
Event: 9.389 GC heap before
{Heap before GC invocations=7 (full 0):
 PSYoungGen      total 70144K, used 69606K [0x00000000eb980000, 0x00000000f0680000, 0x0000000100000000)
  eden space 62976K, 100% used [0x00000000eb980000,0x00000000ef700000,0x00000000ef700000)
  from space 7168K, 92% used [0x00000000efe80000,0x00000000f04f9a50,0x00000000f0580000)
  to   space 7680K, 0% used [0x00000000ef700000,0x00000000ef700000,0x00000000efe80000)
 ParOldGen       total 42496K, used 10738K [0x00000000c2c00000, 0x00000000c5580000, 0x00000000eb980000)
  object space 42496K, 25% used [0x00000000c2c00000,0x00000000c367cab8,0x00000000c5580000)
 Metaspace       used 19919K, capacity 20644K, committed 20864K, reserved 1067008K
  class space    used 2414K, capacity 2589K, committed 2688K, reserved 1048576K
Event: 9.409 GC heap after
Heap after GC invocations=7 (full 0):
 PSYoungGen      total 70656K, used 7296K [0x00000000eb980000, 0x00000000f4580000, 0x0000000100000000)
  eden space 62976K, 0% used [0x00000000eb980000,0x00000000eb980000,0x00000000ef700000)
  from space 7680K, 95% used [0x00000000ef700000,0x00000000efe20000,0x00000000efe80000)
  to   space 8704K, 0% used [0x00000000f3d00000,0x00000000f3d00000,0x00000000f4580000)
 ParOldGen       total 42496K, used 11882K [0x00000000c2c00000, 0x00000000c5580000, 0x00000000eb980000)
  object space 42496K, 27% used [0x00000000c2c00000,0x00000000c379a8d0,0x00000000c5580000)
 Metaspace       used 19919K, capacity 20644K, committed 20864K, reserved 1067008K
  class space    used 2414K, capacity 2589K, committed 2688K, reserved 1048576K
}
Event: 9.612 GC heap before
{Heap before GC invocations=8 (full 0):
 PSYoungGen      total 70656K, used 16058K [0x00000000eb980000, 0x00000000f4580000, 0x0000000100000000)
  eden space 62976K, 13% used [0x00000000eb980000,0x00000000ec20ead0,0x00000000ef700000)
  from space 7680K, 95% used [0x00000000ef700000,0x00000000efe20000,0x00000000efe80000)
  to   space 8704K, 0% used [0x00000000f3d00000,0x00000000f3d00000,0x00000000f4580000)
 ParOldGen       total 42496K, used 11882K [0x00000000c2c00000, 0x00000000c5580000, 0x00000000eb980000)
  object space 42496K, 27% used [0x00000000c2c00000,0x00000000c379a8d0,0x00000000c5580000)
 Metaspace       used 20390K, capacity 21068K, committed 21248K, reserved 1067008K
  class space    used 2485K, capacity 2689K, committed 2816K, reserved 1048576K
Event: 9.627 GC heap after
Heap after GC invocations=8 (full 0):
 PSYoungGen      total 134144K, used 6916K [0x00000000eb980000, 0x00000000f4680000, 0x0000000100000000)
  eden space 125440K, 0% used [0x00000000eb980000,0x00000000eb980000,0x00000000f3400000)
  from space 8704K, 79% used [0x00000000f3d00000,0x00000000f43c1048,0x00000000f4580000)
  to   space 9216K, 0% used [0x00000000f3400000,0x00000000f3400000,0x00000000f3d00000)
 ParOldGen       total 42496K, used 12390K [0x00000000c2c00000, 0x00000000c5580000, 0x00000000eb980000)
  object space 42496K, 29% used [0x00000000c2c00000,0x00000000c3819868,0x00000000c5580000)
 Metaspace       used 20390K, capacity 21068K, committed 21248K, reserved 1067008K
  class space    used 2485K, capacity 2689K, committed 2816K, reserved 1048576K
}
Event: 9.627 GC heap before
{Heap before GC invocations=9 (full 1):
 PSYoungGen      total 134144K, used 6916K [0x00000000eb980000, 0x00000000f4680000, 0x0000000100000000)
  eden space 125440K, 0% used [0x00000000eb980000,0x00000000eb980000,0x00000000f3400000)
  from space 8704K, 79% used [0x00000000f3d00000,0x00000000f43c1048,0x00000000f4580000)
  to   space 9216K, 0% used [0x00000000f3400000,0x00000000f3400000,0x00000000f3d00000)
 ParOldGen       total 42496K, used 12390K [0x00000000c2c00000, 0x00000000c5580000, 0x00000000eb980000)
  object space 42496K, 29% used [0x00000000c2c00000,0x00000000c3819868,0x00000000c5580000)
 Metaspace       used 20390K, capacity 21068K, committed 21248K, reserved 1067008K
  class space    used 2485K, capacity 2689K, committed 2816K, reserved 1048576K
Event: 9.717 GC heap after
Heap after GC invocations=9 (full 1):
 PSYoungGen      total 134144K, used 0K [0x00000000eb980000, 0x00000000f4680000, 0x0000000100000000)
  eden space 125440K, 0% used [0x00000000eb980000,0x00000000eb980000,0x00000000f3400000)
  from space 8704K, 0% used [0x00000000f3d00000,0x00000000f3d00000,0x00000000f4580000)
  to   space 9216K, 0% used [0x00000000f3400000,0x00000000f3400000,0x00000000f3d00000)
 ParOldGen       total 35328K, used 10381K [0x00000000c2c00000, 0x00000000c4e80000, 0x00000000eb980000)
  object space 35328K, 29% used [0x00000000c2c00000,0x00000000c36234a8,0x00000000c4e80000)
 Metaspace       used 20390K, capacity 21068K, committed 21248K, reserved 1067008K
  class space    used 2485K, capacity 2689K, committed 2816K, reserved 1048576K
}

Deoptimization events (10 events):
Event: 13.204 Thread 0x00000000030be800 Uncommon trap: reason=class_check action=maybe_recompile pc=0x00000000039167b0 method=com.google.inject.internal.MoreTypes.getRawType(Ljava/lang/reflect/Type;)Ljava/lang/Class; @ 13
Event: 13.205 Thread 0x00000000030be800 Uncommon trap: reason=class_check action=maybe_recompile pc=0x00000000039167b0 method=com.google.inject.internal.MoreTypes.getRawType(Ljava/lang/reflect/Type;)Ljava/lang/Class; @ 13
Event: 13.205 Thread 0x00000000030be800 Uncommon trap: reason=class_check action=maybe_recompile pc=0x0000000003908b6c method=com.google.inject.internal.MoreTypes.getRawType(Ljava/lang/reflect/Type;)Ljava/lang/Class; @ 13
Event: 13.720 Thread 0x00000000030be800 Uncommon trap: reason=unstable_if action=reinterpret pc=0x0000000003f57680 method=org.codehaus.plexus.classworlds.realm.Entry.matches(Ljava/lang/String;)Z @ 20
Event: 13.788 Thread 0x00000000030be800 Uncommon trap: reason=class_check action=maybe_recompile pc=0x0000000003ea7e10 method=java.util.Properties$LineReader.readLine()I @ 62
Event: 13.814 Thread 0x00000000030be800 Uncommon trap: reason=unstable_if action=reinterpret pc=0x00000000037098b0 method=java.util.HashMap.hash(Ljava/lang/Object;)I @ 1
Event: 13.968 Thread 0x00000000030be800 Uncommon trap: reason=class_check action=maybe_recompile pc=0x00000000039667e4 method=org.eclipse.sisu.inject.Implementations.find(Lcom/google/inject/Binding;)Ljava/lang/Class; @ 4
Event: 13.974 Thread 0x00000000030be800 Uncommon trap: reason=class_check action=maybe_recompile pc=0x00000000039667e4 method=org.eclipse.sisu.inject.Implementations.find(Lcom/google/inject/Binding;)Ljava/lang/Class; @ 4
Event: 14.187 Thread 0x00000000030be800 Uncommon trap: reason=unstable_if action=reinterpret pc=0x00000000034ed3f8 method=org.codehaus.plexus.util.SelectorUtils.equals(CCZ)Z @ 2
Event: 14.521 Thread 0x00000000030be800 Uncommon trap: reason=unstable_if action=reinterpret pc=0x0000000003ab785c method=java.util.LinkedHashMap.afterNodeInsertion(Z)V @ 18

Internal exceptions (10 events):
Event: 3.952 Thread 0x00000000030be800 Exception <a 'java/lang/NoClassDefFoundError'> (0x00000000ed7eaa50) thrown at [C:\re\workspace\8-2-build-windows-amd64-cygwin\jdk8u111\7883\hotspot\src\share\vm\prims\jvm.cpp, line 1390]
Event: 5.853 Thread 0x00000000030be800 Implicit null exception at 0x0000000003ae980b to 0x0000000003aeaa9d
Event: 6.130 Thread 0x00000000030be800 Implicit null exception at 0x000000000370b515 to 0x000000000370b6ed
Event: 6.134 Thread 0x00000000030be800 Implicit null exception at 0x000000000373862f to 0x0000000003738699
Event: 9.822 Thread 0x00000000030be800 Exception <a 'java/lang/NoClassDefFoundError': org/codehaus/plexus/util/interpolation/ValueSource> (0x00000000ebc53790) thrown at [C:\re\workspace\8-2-build-windows-amd64-cygwin\jdk8u111\7883\hotspot\src\share\vm\classfile\systemDictionary.cpp, line 199]
Event: 9.826 Thread 0x00000000030be800 Exception <a 'java/lang/NoClassDefFoundError': org/sonatype/aether/version/VersionConstraint> (0x00000000ebc72aa0) thrown at [C:\re\workspace\8-2-build-windows-amd64-cygwin\jdk8u111\7883\hotspot\src\share\vm\classfile\systemDictionary.cpp, line 199]
Event: 10.010 Thread 0x00000000030be800 Implicit null exception at 0x0000000003dd136f to 0x0000000003dd1751
Event: 11.544 Thread 0x00000000030be800 Implicit null exception at 0x00000000034fdc16 to 0x00000000034fdfb9
Event: 13.787 Thread 0x00000000030be800 Exception <a 'java/io/FileNotFoundException'> (0x00000000f12444f0) thrown at [C:\re\workspace\8-2-build-windows-amd64-cygwin\jdk8u111\7883\hotspot\src\share\vm\prims\jni.cpp, line 709]
Event: 13.814 Thread 0x00000000030be800 Implicit null exception at 0x0000000003709818 to 0x00000000037098a6

Events (10 events):
Event: 14.333 loading class java/nio/DirectByteBufferR done
Event: 14.333 Executing VM operation: Deoptimize
Event: 14.335 Executing VM operation: Deoptimize done
Event: 14.336 loading class org/codehaus/plexus/util/IOUtil
Event: 14.337 loading class org/codehaus/plexus/util/IOUtil done
Event: 14.337 loading class org/codehaus/plexus/util/IOUtil
Event: 14.337 loading class org/codehaus/plexus/util/IOUtil done
Event: 14.520 Thread 0x00000000030be800 Uncommon trap: trap_request=0xffffff65 fr.pc=0x0000000003ab785c
Event: 14.521 Thread 0x00000000030be800 DEOPT PACKING pc=0x0000000003ab785c sp=0x00000000031bd380
Event: 14.521 Thread 0x00000000030be800 DEOPT UNPACKING pc=0x000000000330582a sp=0x00000000031bd308 mode 2


Dynamic libraries:
0x00007ff68f3d0000 - 0x00007ff68f407000 	C:\Program Files\Java\jdk1.8.0_111\bin\java.exe
0x00007fff8c0b0000 - 0x00007fff8c2c7000 	C:\WINDOWS\SYSTEM32\ntdll.dll
0x00007fff89e00000 - 0x00007fff89ec4000 	C:\WINDOWS\System32\KERNEL32.DLL
0x00007fff89420000 - 0x00007fff897c5000 	C:\WINDOWS\System32\KERNELBASE.dll
0x00007fff8af50000 - 0x00007fff8b001000 	C:\WINDOWS\System32\ADVAPI32.dll
0x00007fff8a9b0000 - 0x00007fff8aa57000 	C:\WINDOWS\System32\msvcrt.dll
0x00007fff8aaf0000 - 0x00007fff8ab96000 	C:\WINDOWS\System32\sechost.dll
0x00007fff8a890000 - 0x00007fff8a9a7000 	C:\WINDOWS\System32\RPCRT4.dll
0x00007fff8a630000 - 0x00007fff8a7de000 	C:\WINDOWS\System32\USER32.dll
0x00007fff89ad0000 - 0x00007fff89af6000 	C:\WINDOWS\System32\win32u.dll
0x00007fff8a7e0000 - 0x00007fff8a809000 	C:\WINDOWS\System32\GDI32.dll
0x00007fff897d0000 - 0x00007fff898e9000 	C:\WINDOWS\System32\gdi32full.dll
0x00007fff89b00000 - 0x00007fff89b9a000 	C:\WINDOWS\System32\msvcp_win.dll
0x00007fff89ce0000 - 0x00007fff89df1000 	C:\WINDOWS\System32\ucrtbase.dll
0x00007fff696c0000 - 0x00007fff69953000 	C:\WINDOWS\WinSxS\amd64_microsoft.windows.common-controls_6595b64144ccf1df_6.0.22621.2506_none_270c5ae97388e100\COMCTL32.dll
0x00007fff89f50000 - 0x00007fff89f81000 	C:\WINDOWS\System32\IMM32.DLL
0x000000006ad60000 - 0x000000006ae32000 	C:\Program Files\Java\jdk1.8.0_111\jre\bin\msvcr100.dll
0x000000006ae40000 - 0x000000006b6da000 	C:\Program Files\Java\jdk1.8.0_111\jre\bin\server\jvm.dll
0x00007fff8a620000 - 0x00007fff8a628000 	C:\WINDOWS\System32\PSAPI.DLL
0x00007fff82a70000 - 0x00007fff82a79000 	C:\WINDOWS\SYSTEM32\WSOCK32.dll
0x00007fff80e00000 - 0x00007fff80e34000 	C:\WINDOWS\SYSTEM32\WINMM.dll
0x00007fff7fdb0000 - 0x00007fff7fdba000 	C:\WINDOWS\SYSTEM32\VERSION.dll
0x00007fff89ed0000 - 0x00007fff89f41000 	C:\WINDOWS\System32\WS2_32.dll
0x000000006ad10000 - 0x000000006ad1f000 	C:\Program Files\Java\jdk1.8.0_111\jre\bin\verify.dll
0x000000006ace0000 - 0x000000006ad09000 	C:\Program Files\Java\jdk1.8.0_111\jre\bin\java.dll
0x000000006acc0000 - 0x000000006acd6000 	C:\Program Files\Java\jdk1.8.0_111\jre\bin\zip.dll
0x00007fff8b730000 - 0x00007fff8bf89000 	C:\WINDOWS\System32\SHELL32.dll
0x00007fff87340000 - 0x00007fff87c34000 	C:\WINDOWS\SYSTEM32\windows.storage.dll
0x00007fff8abc0000 - 0x00007fff8af49000 	C:\WINDOWS\System32\combase.dll
0x00007fff87200000 - 0x00007fff8733e000 	C:\WINDOWS\SYSTEM32\wintypes.dll
0x00007fff8b010000 - 0x00007fff8b103000 	C:\WINDOWS\System32\SHCORE.dll
0x00007fff8a810000 - 0x00007fff8a86e000 	C:\WINDOWS\System32\shlwapi.dll
0x00007fff89350000 - 0x00007fff89376000 	C:\WINDOWS\SYSTEM32\profapi.dll
0x0000000069ac0000 - 0x0000000069ae4000 	C:\Program Files\NetBeans-18\netbeans\java\maven\lib\jansi-native\Windows\x86_64\jansi.dll
0x000000006aca0000 - 0x000000006acba000 	C:\Program Files\Java\jdk1.8.0_111\jre\bin\net.dll
0x00007fff888a0000 - 0x00007fff88909000 	C:\WINDOWS\system32\mswsock.dll
0x000000006ac80000 - 0x000000006ac91000 	C:\Program Files\Java\jdk1.8.0_111\jre\bin\nio.dll
0x000000006aa20000 - 0x000000006aa2d000 	C:\Program Files\Java\jdk1.8.0_111\jre\bin\management.dll
0x00007fff49f40000 - 0x00007fff49f57000 	C:\WINDOWS\system32\napinsp.dll
0x00007fff4a8e0000 - 0x00007fff4a8fb000 	C:\WINDOWS\system32\pnrpnsp.dll
0x00007fff87f10000 - 0x00007fff88009000 	C:\WINDOWS\SYSTEM32\DNSAPI.dll
0x00007fff87ea0000 - 0x00007fff87ecd000 	C:\WINDOWS\SYSTEM32\IPHLPAPI.DLL
0x00007fff8aa60000 - 0x00007fff8aa69000 	C:\WINDOWS\System32\NSI.dll
0x00007fff4a880000 - 0x00007fff4a891000 	C:\WINDOWS\System32\winrnr.dll
0x00007fff7fdc0000 - 0x00007fff7fdd5000 	C:\WINDOWS\system32\wshbth.dll
0x00007fff4a850000 - 0x00007fff4a871000 	C:\WINDOWS\system32\nlansp_c.dll
0x00007fff75ff0000 - 0x00007fff75ffa000 	C:\Windows\System32\rasadhlp.dll
0x00007fff7e890000 - 0x00007fff7e913000 	C:\WINDOWS\System32\fwpuclnt.dll
0x000000006aae0000 - 0x000000006ac78000 	C:\Program Files\Java\jdk1.8.0_111\jre\bin\awt.dll
0x00007fff8bf90000 - 0x00007fff8c067000 	C:\WINDOWS\System32\OLEAUT32.dll
0x00007fff86350000 - 0x00007fff863e7000 	C:\WINDOWS\SYSTEM32\apphelp.dll

VM Arguments:
jvm_args: -Dclassworlds.conf=C:\Program Files\NetBeans-18\netbeans\java\maven\bin\m2.conf -Dmaven.home=C:\Program Files\NetBeans-18\netbeans\java\maven -Dlibrary.jansi.path=C:\Program Files\NetBeans-18\netbeans\java\maven\lib\jansi-native -Dmaven.multiModuleProjectDirectory=C:\Users\Hp\PRJ301_SE17C02_Undeee 
java_command: org.codehaus.plexus.classworlds.launcher.Launcher -Dnetbeans.deploy=true -Dexec.vmArgs= -Dexec.appArgs= -Dmaven.ext.class.path=C:\Program Files\NetBeans-18\netbeans\java\maven-nblib\netbeans-eventspy.jar -Dfile.encoding=UTF-8 --no-transfer-progress package
java_class_path (initial): C:\Program Files\NetBeans-18\netbeans\java\maven\boot\plexus-classworlds-2.6.0.jar
Launcher Type: SUN_STANDARD

Environment Variables:
JAVA_HOME=C:\Program Files\Java\jdk1.8.0_111
PATH=C:\Program Files (x86)\VMware\VMware Workstation\bin\;C:\ProgramData\Oracle\Java\javapath;C:\WINDOWS\system32;C:\WINDOWS;C:\WINDOWS\System32\Wbem;C:\WINDOWS\System32\WindowsPowerShell\v1.0\;C:\WINDOWS\System32\OpenSSH\;C:\Program Files\Java\jdk1.8.0_111\bin;C:\Program Files\Microsoft SQL Server\Client SDK\ODBC\170\Tools\Binn\;C:\Program Files (x86)\Microsoft SQL Server\150\Tools\Binn\;C:\Program Files\Microsoft SQL Server\150\Tools\Binn\;C:\Program Files\Microsoft SQL Server\150\DTS\Binn\;C:\Program Files (x86)\Microsoft SQL Server\160\Tools\Binn\;C:\Program Files\Microsoft SQL Server\160\Tools\Binn\;C:\Program Files\Microsoft SQL Server\160\DTS\Binn\;C:\Program Files (x86)\Microsoft SQL Server\160\DTS\Binn\;C:\Program Files\Azure Data Studio\bin;C:\Users\Hp\Downloads\apache-maven-3.6.0\bin;C:\Program Files\Git\cmd;C:\Users\Hp\AppData\Local\Microsoft\WindowsApps;C:\Program Files\Java\jdk1.8.0_111\bin;C:\Users\Hp\AppData\Local\Programs\Microsoft VS Code\bin;C:\Program Files\Azure Data Studio\bin;C:\Users\Hp\Downloads\apache-maven-3.6.0\bin;
USERNAME=Hp
OS=Windows_NT
PROCESSOR_IDENTIFIER=Intel64 Family 6 Model 142 Stepping 12, GenuineIntel



---------------  S Y S T E M  ---------------

OS: Windows 10.0 , 64 bit Build 22621 (10.0.22621.2506)

CPU:total 8 (4 cores per cpu, 2 threads per core) family 6 model 142 stepping 12, cmov, cx8, fxsr, mmx, sse, sse2, sse3, ssse3, sse4.1, sse4.2, popcnt, avx, avx2, aes, clmul, erms, 3dnowpref, lzcnt, ht, tsc, tscinvbit, bmi1, bmi2, adx

Memory: 4k page, physical 4012660k(320428k free), swap 16071284k(5648k free)

vm_info: Java HotSpot(TM) 64-Bit Server VM (25.111-b14) for windows-amd64 JRE (1.8.0_111-b14), built on Sep 22 2016 19:24:05 by "java_re" with MS VC++ 10.0 (VS2010)

time: Tue Nov 28 20:54:48 2023
elapsed time: 14 seconds (0d 0h 0m 14s)

