#
# There is insufficient memory for the Java Runtime Environment to continue.
# Native memory allocation (malloc) failed to allocate 356016 bytes for Chunk::new
# Possible reasons:
#   The system is out of physical RAM or swap space
#   In 32 bit mode, the process size limit was hit
# Possible solutions:
#   Reduce memory load on the system
#   Increase physical memory or swap space
#   Check if swap backing store is full
#   Use 64 bit Java on a 64 bit OS
#   Decrease Java heap size (-Xmx/-Xms)
#   Decrease number of Java threads
#   Decrease Java thread stack sizes (-Xss)
#   Set larger code cache with -XX:ReservedCodeCacheSize=
# This output file may be truncated or incomplete.
#
#  Out of Memory Error (allocation.cpp:390), pid=22824, tid=0x00000000000027ec
#
# JRE version: Java(TM) SE Runtime Environment (8.0_111-b14) (build 1.8.0_111-b14)
# Java VM: Java HotSpot(TM) 64-Bit Server VM (25.111-b14 mixed mode windows-amd64 compressed oops)
# Failed to write core dump. Minidumps are not enabled by default on client versions of Windows
#

---------------  T H R E A D  ---------------

Current thread (0x0000000017270000):  JavaThread "C2 CompilerThread1" daemon [_thread_in_native, id=10220, stack(0x0000000017b40000,0x0000000017c40000)]

Stack: [0x0000000017b40000,0x0000000017c40000]
[error occurred during error reporting (printing stack bounds), id 0xc0000005]

Native frames: (J=compiled Java code, j=interpreted, Vv=VM code, C=native code)


Current CompileTask:
C2:   3358 2052       4       java.util.TimSort::binarySort (223 bytes)


---------------  P R O C E S S  ---------------

Java Threads: ( => current thread )
  0x00000000172fa000 JavaThread "Service Thread" daemon [_thread_blocked, id=16124, stack(0x0000000017e40000,0x0000000017f40000)]
  0x000000001727f000 JavaThread "C1 CompilerThread3" daemon [_thread_in_native, id=17648, stack(0x0000000017d40000,0x0000000017e40000)]
  0x000000001727a000 JavaThread "C2 CompilerThread2" daemon [_thread_in_native, id=13408, stack(0x0000000017c40000,0x0000000017d40000)]
=>0x0000000017270000 JavaThread "C2 CompilerThread1" daemon [_thread_in_native, id=10220, stack(0x0000000017b40000,0x0000000017c40000)]
  0x000000001726b800 JavaThread "C2 CompilerThread0" daemon [_thread_in_native, id=14644, stack(0x0000000017a40000,0x0000000017b40000)]
  0x0000000017269800 JavaThread "Attach Listener" daemon [_thread_blocked, id=23332, stack(0x0000000017940000,0x0000000017a40000)]
  0x0000000017268000 JavaThread "Signal Dispatcher" daemon [_thread_blocked, id=17416, stack(0x0000000017840000,0x0000000017940000)]
  0x0000000015353800 JavaThread "Finalizer" daemon [_thread_blocked, id=19396, stack(0x0000000017640000,0x0000000017740000)]
  0x00000000029c8000 JavaThread "Reference Handler" daemon [_thread_blocked, id=19928, stack(0x0000000017140000,0x0000000017240000)]
  0x000000000279e800 JavaThread "main" [_thread_in_native, id=23448, stack(0x00000000027d0000,0x00000000028d0000)]

Other Threads:
  0x0000000015348000 VMThread [stack: 0x0000000017040000,0x0000000017140000] [id=21100]
  0x0000000017307000 WatcherThread [stack: 0x0000000017f40000,0x0000000018040000] [id=5904]

VM state:not at safepoint (normal execution)

VM Mutex/Monitor currently owned by a thread: None

Heap:
 PSYoungGen      total 34304K, used 7642K [0x00000000eb980000, 0x00000000f0580000, 0x0000000100000000)
  eden space 31744K, 16% used [0x00000000eb980000,0x00000000ebe7a928,0x00000000ed880000)
  from space 2560K, 99% used [0x00000000ed880000,0x00000000edafc050,0x00000000edb00000)
  to   space 7168K, 0% used [0x00000000efe80000,0x00000000efe80000,0x00000000f0580000)
 ParOldGen       total 42496K, used 10671K [0x00000000c2c00000, 0x00000000c5580000, 0x00000000eb980000)
  object space 42496K, 25% used [0x00000000c2c00000,0x00000000c366bdb8,0x00000000c5580000)
 Metaspace       used 16327K, capacity 16706K, committed 16896K, reserved 1064960K
  class space    used 2088K, capacity 2238K, committed 2304K, reserved 1048576K

Card table byte_map: [0x0000000011d90000,0x0000000011f80000] byte_map_base: 0x000000001177a000

Marking Bits: (ParMarkBitMap*) 0x000000006b65a6c0
 Begin Bits: [0x00000000128d0000, 0x0000000013820000)
 End Bits:   [0x0000000013820000, 0x0000000014770000)

Polling page: 0x0000000002750000

CodeCache: size=245760Kb used=6742Kb max_used=6742Kb free=239017Kb
 bounds [0x00000000029d0000, 0x0000000003070000, 0x00000000119d0000]
 total_blobs=2430 nmethods=2084 adapters=258
 compilation: enabled

Compilation events (10 events):
Event: 3.351 Thread 0x000000001727f000 nmethod 2085 0x00000000030602d0 code [0x0000000003060440, 0x00000000030607b0]
Event: 3.351 Thread 0x000000001727f000 2087       3       java.lang.reflect.Field::set (52 bytes)
Event: 3.352 Thread 0x000000001727f000 nmethod 2087 0x0000000003060950 code [0x0000000003060b20, 0x0000000003061168]
Event: 3.352 Thread 0x000000001727f000 2093       3       org.eclipse.sisu.inject.InjectorBindings::isAssignableFrom (28 bytes)
Event: 3.352 Thread 0x000000001727f000 nmethod 2093 0x0000000003061390 code [0x0000000003061540, 0x0000000003061ae8]
Event: 3.352 Thread 0x000000001727f000 2089   !   3       com.google.inject.internal.InternalFactoryToProviderAdapter::get (54 bytes)
Event: 3.353 Thread 0x000000001727f000 nmethod 2089 0x0000000003061d10 code [0x0000000003061ec0, 0x0000000003062458]
Event: 3.353 Thread 0x000000001727f000 2090       3       com.google.inject.internal.InternalContext::setDependency (6 bytes)
Event: 3.353 Thread 0x000000001727f000 nmethod 2090 0x00000000030626d0 code [0x0000000003062820, 0x0000000003062990]
Event: 3.353 Thread 0x000000001727f000 2091   !   3       com.google.inject.internal.SingletonScope$1::get (425 bytes)

GC Heap History (10 events):
Event: 1.296 GC heap before
{Heap before GC invocations=1 (full 0):
 PSYoungGen      total 18432K, used 15872K [0x00000000eb980000, 0x00000000ece00000, 0x0000000100000000)
  eden space 15872K, 100% used [0x00000000eb980000,0x00000000ec900000,0x00000000ec900000)
  from space 2560K, 0% used [0x00000000ecb80000,0x00000000ecb80000,0x00000000ece00000)
  to   space 2560K, 0% used [0x00000000ec900000,0x00000000ec900000,0x00000000ecb80000)
 ParOldGen       total 42496K, used 0K [0x00000000c2c00000, 0x00000000c5580000, 0x00000000eb980000)
  object space 42496K, 0% used [0x00000000c2c00000,0x00000000c2c00000,0x00000000c5580000)
 Metaspace       used 7551K, capacity 7764K, committed 7936K, reserved 1056768K
  class space    used 858K, capacity 972K, committed 1024K, reserved 1048576K
Event: 1.310 GC heap after
Heap after GC invocations=1 (full 0):
 PSYoungGen      total 18432K, used 2556K [0x00000000eb980000, 0x00000000ece00000, 0x0000000100000000)
  eden space 15872K, 0% used [0x00000000eb980000,0x00000000eb980000,0x00000000ec900000)
  from space 2560K, 99% used [0x00000000ec900000,0x00000000ecb7f078,0x00000000ecb80000)
  to   space 2560K, 0% used [0x00000000ecb80000,0x00000000ecb80000,0x00000000ece00000)
 ParOldGen       total 42496K, used 978K [0x00000000c2c00000, 0x00000000c5580000, 0x00000000eb980000)
  object space 42496K, 2% used [0x00000000c2c00000,0x00000000c2cf4a70,0x00000000c5580000)
 Metaspace       used 7551K, capacity 7764K, committed 7936K, reserved 1056768K
  class space    used 858K, capacity 972K, committed 1024K, reserved 1048576K
}
Event: 1.677 GC heap before
{Heap before GC invocations=2 (full 0):
 PSYoungGen      total 18432K, used 18428K [0x00000000eb980000, 0x00000000ece00000, 0x0000000100000000)
  eden space 15872K, 100% used [0x00000000eb980000,0x00000000ec900000,0x00000000ec900000)
  from space 2560K, 99% used [0x00000000ec900000,0x00000000ecb7f078,0x00000000ecb80000)
  to   space 2560K, 0% used [0x00000000ecb80000,0x00000000ecb80000,0x00000000ece00000)
 ParOldGen       total 42496K, used 978K [0x00000000c2c00000, 0x00000000c5580000, 0x00000000eb980000)
  object space 42496K, 2% used [0x00000000c2c00000,0x00000000c2cf4a70,0x00000000c5580000)
 Metaspace       used 9502K, capacity 9746K, committed 10112K, reserved 1058816K
  class space    used 1175K, capacity 1295K, committed 1408K, reserved 1048576K
Event: 1.681 GC heap after
Heap after GC invocations=2 (full 0):
 PSYoungGen      total 18432K, used 2529K [0x00000000eb980000, 0x00000000ece00000, 0x0000000100000000)
  eden space 15872K, 0% used [0x00000000eb980000,0x00000000eb980000,0x00000000ec900000)
  from space 2560K, 98% used [0x00000000ecb80000,0x00000000ecdf84a0,0x00000000ece00000)
  to   space 2560K, 0% used [0x00000000ec900000,0x00000000ec900000,0x00000000ecb80000)
 ParOldGen       total 42496K, used 2183K [0x00000000c2c00000, 0x00000000c5580000, 0x00000000eb980000)
  object space 42496K, 5% used [0x00000000c2c00000,0x00000000c2e21e88,0x00000000c5580000)
 Metaspace       used 9502K, capacity 9746K, committed 10112K, reserved 1058816K
  class space    used 1175K, capacity 1295K, committed 1408K, reserved 1048576K
}
Event: 1.871 GC heap before
{Heap before GC invocations=3 (full 0):
 PSYoungGen      total 18432K, used 18401K [0x00000000eb980000, 0x00000000ece00000, 0x0000000100000000)
  eden space 15872K, 100% used [0x00000000eb980000,0x00000000ec900000,0x00000000ec900000)
  from space 2560K, 98% used [0x00000000ecb80000,0x00000000ecdf84a0,0x00000000ece00000)
  to   space 2560K, 0% used [0x00000000ec900000,0x00000000ec900000,0x00000000ecb80000)
 ParOldGen       total 42496K, used 2183K [0x00000000c2c00000, 0x00000000c5580000, 0x00000000eb980000)
  object space 42496K, 5% used [0x00000000c2c00000,0x00000000c2e21e88,0x00000000c5580000)
 Metaspace       used 10587K, capacity 10812K, committed 11008K, reserved 1058816K
  class space    used 1305K, capacity 1428K, committed 1536K, reserved 1048576K
Event: 1.876 GC heap after
Heap after GC invocations=3 (full 0):
 PSYoungGen      total 18432K, used 2528K [0x00000000eb980000, 0x00000000edd80000, 0x0000000100000000)
  eden space 15872K, 0% used [0x00000000eb980000,0x00000000eb980000,0x00000000ec900000)
  from space 2560K, 98% used [0x00000000ec900000,0x00000000ecb78040,0x00000000ecb80000)
  to   space 2560K, 0% used [0x00000000edb00000,0x00000000edb00000,0x00000000edd80000)
 ParOldGen       total 42496K, used 3941K [0x00000000c2c00000, 0x00000000c5580000, 0x00000000eb980000)
  object space 42496K, 9% used [0x00000000c2c00000,0x00000000c2fd9520,0x00000000c5580000)
 Metaspace       used 10587K, capacity 10812K, committed 11008K, reserved 1058816K
  class space    used 1305K, capacity 1428K, committed 1536K, reserved 1048576K
}
Event: 2.110 GC heap before
{Heap before GC invocations=4 (full 0):
 PSYoungGen      total 18432K, used 18400K [0x00000000eb980000, 0x00000000edd80000, 0x0000000100000000)
  eden space 15872K, 100% used [0x00000000eb980000,0x00000000ec900000,0x00000000ec900000)
  from space 2560K, 98% used [0x00000000ec900000,0x00000000ecb78040,0x00000000ecb80000)
  to   space 2560K, 0% used [0x00000000edb00000,0x00000000edb00000,0x00000000edd80000)
 ParOldGen       total 42496K, used 3941K [0x00000000c2c00000, 0x00000000c5580000, 0x00000000eb980000)
  object space 42496K, 9% used [0x00000000c2c00000,0x00000000c2fd9520,0x00000000c5580000)
 Metaspace       used 11955K, capacity 12222K, committed 12416K, reserved 1060864K
  class space    used 1481K, capacity 1597K, committed 1664K, reserved 1048576K
Event: 2.119 GC heap after
Heap after GC invocations=4 (full 0):
 PSYoungGen      total 34304K, used 2544K [0x00000000eb980000, 0x00000000edd80000, 0x0000000100000000)
  eden space 31744K, 0% used [0x00000000eb980000,0x00000000eb980000,0x00000000ed880000)
  from space 2560K, 99% used [0x00000000edb00000,0x00000000edd7c010,0x00000000edd80000)
  to   space 2560K, 0% used [0x00000000ed880000,0x00000000ed880000,0x00000000edb00000)
 ParOldGen       total 42496K, used 5973K [0x00000000c2c00000, 0x00000000c5580000, 0x00000000eb980000)
  object space 42496K, 14% used [0x00000000c2c00000,0x00000000c31d5600,0x00000000c5580000)
 Metaspace       used 11955K, capacity 12222K, committed 12416K, reserved 1060864K
  class space    used 1481K, capacity 1597K, committed 1664K, reserved 1048576K
}
Event: 3.145 GC heap before
{Heap before GC invocations=5 (full 0):
 PSYoungGen      total 34304K, used 34288K [0x00000000eb980000, 0x00000000edd80000, 0x0000000100000000)
  eden space 31744K, 100% used [0x00000000eb980000,0x00000000ed880000,0x00000000ed880000)
  from space 2560K, 99% used [0x00000000edb00000,0x00000000edd7c010,0x00000000edd80000)
  to   space 2560K, 0% used [0x00000000ed880000,0x00000000ed880000,0x00000000edb00000)
 ParOldGen       total 42496K, used 5973K [0x00000000c2c00000, 0x00000000c5580000, 0x00000000eb980000)
  object space 42496K, 14% used [0x00000000c2c00000,0x00000000c31d5600,0x00000000c5580000)
 Metaspace       used 15720K, capacity 16116K, committed 16256K, reserved 1062912K
  class space    used 2016K, capacity 2171K, committed 2176K, reserved 1048576K
Event: 3.155 GC heap after
Heap after GC invocations=5 (full 0):
 PSYoungGen      total 34304K, used 2544K [0x00000000eb980000, 0x00000000f0580000, 0x0000000100000000)
  eden space 31744K, 0% used [0x00000000eb980000,0x00000000eb980000,0x00000000ed880000)
  from space 2560K, 99% used [0x00000000ed880000,0x00000000edafc050,0x00000000edb00000)
  to   space 7168K, 0% used [0x00000000efe80000,0x00000000efe80000,0x00000000f0580000)
 ParOldGen       total 42496K, used 10671K [0x00000000c2c00000, 0x00000000c5580000, 0x00000000eb980000)
  object space 42496K, 25% used [0x00000000c2c00000,0x00000000c366bdb8,0x00000000c5580000)
 Metaspace       used 15720K, capacity 16116K, committed 16256K, reserved 1062912K
  class space    used 2016K, capacity 2171K, committed 2176K, reserved 1048576K
}

Deoptimization events (10 events):
Event: 1.736 Thread 0x000000000279e800 Uncommon trap: reason=unstable_if action=reinterpret pc=0x0000000002ca2c40 method=java.util.HashMap.getNode(ILjava/lang/Object;)Ljava/util/HashMap$Node; @ 129
Event: 1.736 Thread 0x000000000279e800 Uncommon trap: reason=unstable_if action=reinterpret pc=0x0000000002ca4bb8 method=java.util.HashMap.getNode(ILjava/lang/Object;)Ljava/util/HashMap$Node; @ 129
Event: 1.757 Thread 0x000000000279e800 Uncommon trap: reason=unstable_if action=reinterpret pc=0x0000000002c20820 method=sun.misc.MetaIndex.mayContain(Ljava/lang/String;)Z @ 38
Event: 2.546 Thread 0x000000000279e800 Uncommon trap: reason=array_check action=maybe_recompile pc=0x0000000002ec18c4 method=java.util.stream.Nodes$FixedNodeBuilder.accept(Ljava/lang/Object;)V @ 28
Event: 2.546 Thread 0x000000000279e800 Uncommon trap: reason=array_check action=maybe_recompile pc=0x0000000002ec18c4 method=java.util.stream.Nodes$FixedNodeBuilder.accept(Ljava/lang/Object;)V @ 28
Event: 2.546 Thread 0x000000000279e800 Uncommon trap: reason=array_check action=maybe_recompile pc=0x0000000002ec18c4 method=java.util.stream.Nodes$FixedNodeBuilder.accept(Ljava/lang/Object;)V @ 28
Event: 2.546 Thread 0x000000000279e800 Uncommon trap: reason=array_check action=maybe_recompile pc=0x0000000002ec18c4 method=java.util.stream.Nodes$FixedNodeBuilder.accept(Ljava/lang/Object;)V @ 28
Event: 2.696 Thread 0x000000000279e800 Uncommon trap: reason=unstable_if action=reinterpret pc=0x0000000002d01dd0 method=java.lang.ClassLoader.checkName(Ljava/lang/String;)Z @ 1
Event: 3.124 Thread 0x000000000279e800 Uncommon trap: reason=predicate action=maybe_recompile pc=0x0000000002c7f4e0 method=sun.net.www.ParseUtil.encodePath(Ljava/lang/String;Z)Ljava/lang/String; @ 36
Event: 3.351 Thread 0x000000000279e800 Uncommon trap: reason=unstable_if action=reinterpret pc=0x00000000030421d8 method=org.eclipse.sisu.inject.InjectorBindings.isAssignableFrom(Lcom/google/inject/TypeLiteral;Lcom/google/inject/Binding;)Z @ 14

Internal exceptions (10 events):
Event: 1.470 Thread 0x000000000279e800 Exception <a 'java/lang/NoSuchMethodError': java.lang.Object.lambda$comparing$ea9a8b3a$1(Ljava/util/Comparator;Ljava/util/function/Function;Ljava/lang/Object;Ljava/lang/Object;)I> (0x00000000ebd0b620) thrown at [C:\re\workspace\8-2-build-windows-amd64-cyg
Event: 1.470 Thread 0x000000000279e800 Exception <a 'java/lang/NoSuchMethodError': java.lang.Object.lambda$thenComparing$36697e65$1(Ljava/util/Comparator;Ljava/lang/Object;Ljava/lang/Object;)I> (0x00000000ebd13238) thrown at [C:\re\workspace\8-2-build-windows-amd64-cygwin\jdk8u111\7883\hotspot
Event: 1.567 Thread 0x000000000279e800 Exception <a 'java/lang/ArrayIndexOutOfBoundsException'> (0x00000000ec057590) thrown at [C:\re\workspace\8-2-build-windows-amd64-cygwin\jdk8u111\7883\hotspot\src\share\vm\runtime\sharedRuntime.cpp, line 605]
Event: 1.577 Thread 0x000000000279e800 Exception <a 'java/lang/ArrayIndexOutOfBoundsException'> (0x00000000ec0c1410) thrown at [C:\re\workspace\8-2-build-windows-amd64-cygwin\jdk8u111\7883\hotspot\src\share\vm\runtime\sharedRuntime.cpp, line 605]
Event: 1.580 Thread 0x000000000279e800 Exception <a 'java/lang/NoClassDefFoundError': javax/enterprise/inject/Typed> (0x00000000ec0f0a00) thrown at [C:\re\workspace\8-2-build-windows-amd64-cygwin\jdk8u111\7883\hotspot\src\share\vm\classfile\systemDictionary.cpp, line 199]
Event: 1.693 Thread 0x000000000279e800 Exception <a 'java/lang/ArrayIndexOutOfBoundsException'> (0x00000000ebae7350) thrown at [C:\re\workspace\8-2-build-windows-amd64-cygwin\jdk8u111\7883\hotspot\src\share\vm\runtime\sharedRuntime.cpp, line 605]
Event: 1.694 Thread 0x000000000279e800 Exception <a 'java/lang/ArrayIndexOutOfBoundsException'> (0x00000000ebae8ee0) thrown at [C:\re\workspace\8-2-build-windows-amd64-cygwin\jdk8u111\7883\hotspot\src\share\vm\runtime\sharedRuntime.cpp, line 605]
Event: 2.696 Thread 0x000000000279e800 Implicit null exception at 0x0000000002d01c0c to 0x0000000002d01dc1
Event: 3.123 Thread 0x000000000279e800 Exception <a 'java/lang/NoClassDefFoundError': com/google/inject/servlet/ServletModuleTargetVisitor> (0x00000000ed7e9788) thrown at [C:\re\workspace\8-2-build-windows-amd64-cygwin\jdk8u111\7883\hotspot\src\share\vm\classfile\systemDictionary.cpp, line 199
Event: 3.123 Thread 0x000000000279e800 Exception <a 'java/lang/NoClassDefFoundError'> (0x00000000ed7e9788) thrown at [C:\re\workspace\8-2-build-windows-amd64-cygwin\jdk8u111\7883\hotspot\src\share\vm\prims\jvm.cpp, line 1390]

Events (10 events):
Event: 3.351 Thread 0x000000000279e800 DEOPT PACKING pc=0x00000000030421d8 sp=0x00000000028cd3c0
Event: 3.351 Thread 0x000000000279e800 DEOPT UNPACKING pc=0x0000000002a1582a sp=0x00000000028cd378 mode 2
Event: 3.352 loading class org/apache/maven/graph/DefaultGraphBuilder
Event: 3.352 loading class org/apache/maven/graph/DefaultGraphBuilder done
Event: 3.353 loading class org/apache/maven/graph/DefaultGraphBuilder
Event: 3.353 loading class org/apache/maven/graph/DefaultGraphBuilder done
Event: 3.353 loading class org/apache/maven/graph/DefaultGraphBuilder
Event: 3.353 loading class org/apache/maven/graph/DefaultGraphBuilder done
Event: 3.353 loading class org/apache/maven/project/ProjectBuilder
Event: 3.353 loading class org/apache/maven/project/ProjectBuilder done


Dynamic libraries:
0x00007ff78ad70000 - 0x00007ff78ada7000 	C:\Program Files\Java\jdk1.8.0_111\bin\java.exe
0x00007ffa7be70000 - 0x00007ffa7c087000 	C:\WINDOWS\SYSTEM32\ntdll.dll
0x00007ffa7b0b0000 - 0x00007ffa7b174000 	C:\WINDOWS\System32\KERNEL32.DLL
0x00007ffa79600000 - 0x00007ffa799a5000 	C:\WINDOWS\System32\KERNELBASE.dll
0x00007ffa7b200000 - 0x00007ffa7b2b1000 	C:\WINDOWS\System32\ADVAPI32.dll
0x00007ffa7bb10000 - 0x00007ffa7bbb7000 	C:\WINDOWS\System32\msvcrt.dll
0x00007ffa7b2c0000 - 0x00007ffa7b366000 	C:\WINDOWS\System32\sechost.dll
0x00007ffa7bbc0000 - 0x00007ffa7bcd7000 	C:\WINDOWS\System32\RPCRT4.dll
0x00007ffa7ada0000 - 0x00007ffa7af4e000 	C:\WINDOWS\System32\USER32.dll
0x00007ffa79260000 - 0x00007ffa79286000 	C:\WINDOWS\System32\win32u.dll
0x00007ffa79e30000 - 0x00007ffa79e59000 	C:\WINDOWS\System32\GDI32.dll
0x00007ffa79350000 - 0x00007ffa79469000 	C:\WINDOWS\System32\gdi32full.dll
0x00007ffa799b0000 - 0x00007ffa79a4a000 	C:\WINDOWS\System32\msvcp_win.dll
0x00007ffa79470000 - 0x00007ffa79581000 	C:\WINDOWS\System32\ucrtbase.dll
0x00007ffa5a500000 - 0x00007ffa5a793000 	C:\WINDOWS\WinSxS\amd64_microsoft.windows.common-controls_6595b64144ccf1df_6.0.22621.2506_none_270c5ae97388e100\COMCTL32.dll
0x00007ffa7ba70000 - 0x00007ffa7baa1000 	C:\WINDOWS\System32\IMM32.DLL
0x000000006ad60000 - 0x000000006ae32000 	C:\Program Files\Java\jdk1.8.0_111\jre\bin\msvcr100.dll
0x000000006ae40000 - 0x000000006b6da000 	C:\Program Files\Java\jdk1.8.0_111\jre\bin\server\jvm.dll
0x00007ffa7b000000 - 0x00007ffa7b008000 	C:\WINDOWS\System32\PSAPI.DLL
0x00007ffa70f40000 - 0x00007ffa70f74000 	C:\WINDOWS\SYSTEM32\WINMM.dll
0x00007ffa56200000 - 0x00007ffa56209000 	C:\WINDOWS\SYSTEM32\WSOCK32.dll
0x00007ffa7b9f0000 - 0x00007ffa7ba61000 	C:\WINDOWS\System32\WS2_32.dll
0x00007ffa6fef0000 - 0x00007ffa6fefa000 	C:\WINDOWS\SYSTEM32\VERSION.dll
0x000000006ad10000 - 0x000000006ad1f000 	C:\Program Files\Java\jdk1.8.0_111\jre\bin\verify.dll
0x000000006ace0000 - 0x000000006ad09000 	C:\Program Files\Java\jdk1.8.0_111\jre\bin\java.dll
0x000000006acc0000 - 0x000000006acd6000 	C:\Program Files\Java\jdk1.8.0_111\jre\bin\zip.dll
0x00007ffa7a540000 - 0x00007ffa7ad99000 	C:\WINDOWS\System32\SHELL32.dll
0x00007ffa77100000 - 0x00007ffa779f4000 	C:\WINDOWS\SYSTEM32\windows.storage.dll
0x00007ffa7b370000 - 0x00007ffa7b6f9000 	C:\WINDOWS\System32\combase.dll
0x00007ffa76fc0000 - 0x00007ffa770fe000 	C:\WINDOWS\SYSTEM32\wintypes.dll
0x00007ffa7a2f0000 - 0x00007ffa7a3e3000 	C:\WINDOWS\System32\SHCORE.dll
0x00007ffa7bab0000 - 0x00007ffa7bb0e000 	C:\WINDOWS\System32\shlwapi.dll
0x00007ffa79110000 - 0x00007ffa79136000 	C:\WINDOWS\SYSTEM32\profapi.dll
0x0000000069ac0000 - 0x0000000069ae4000 	C:\Program Files\NetBeans-18\netbeans\java\maven\lib\jansi-native\Windows\x86_64\jansi.dll

VM Arguments:
jvm_args: -Dclassworlds.conf=C:\Program Files\NetBeans-18\netbeans\java\maven\bin\m2.conf -Dmaven.home=C:\Program Files\NetBeans-18\netbeans\java\maven -Dlibrary.jansi.path=C:\Program Files\NetBeans-18\netbeans\java\maven\lib\jansi-native -Dmaven.multiModuleProjectDirectory=C:\Users\Hp\PRJ301_SE17C02_Undeee 
java_command: org.codehaus.plexus.classworlds.launcher.Launcher -Dnetbeans.deploy=true -Dexec.vmArgs= -Dexec.appArgs= -Dmaven.ext.class.path=C:\Program Files\NetBeans-18\netbeans\java\maven-nblib\netbeans-eventspy.jar -Dfile.encoding=UTF-8 --no-transfer-progress package
java_class_path (initial): C:\Program Files\NetBeans-18\netbeans\java\maven\boot\plexus-classworlds-2.6.0.jar
Launcher Type: SUN_STANDARD

Environment Variables:
JAVA_HOME=C:\Program Files\Java\jdk1.8.0_111
PATH=C:\Program Files (x86)\VMware\VMware Workstation\bin\;C:\ProgramData\Oracle\Java\javapath;C:\WINDOWS\system32;C:\WINDOWS;C:\WINDOWS\System32\Wbem;C:\WINDOWS\System32\WindowsPowerShell\v1.0\;C:\WINDOWS\System32\OpenSSH\;C:\Program Files\Java\jdk1.8.0_111\bin;C:\Program Files\Microsoft SQL Server\Client SDK\ODBC\170\Tools\Binn\;C:\Program Files (x86)\Microsoft SQL Server\150\Tools\Binn\;C:\Program Files\Microsoft SQL Server\150\Tools\Binn\;C:\Program Files\Microsoft SQL Server\150\DTS\Binn\;C:\Program Files (x86)\Microsoft SQL Server\160\Tools\Binn\;C:\Program Files\Microsoft SQL Server\160\Tools\Binn\;C:\Program Files\Microsoft SQL Server\160\DTS\Binn\;C:\Program Files (x86)\Microsoft SQL Server\160\DTS\Binn\;C:\Program Files\Azure Data Studio\bin;C:\Users\Hp\Downloads\apache-maven-3.6.0\bin;C:\Program Files\Git\cmd;C:\Users\Hp\AppData\Local\Microsoft\WindowsApps;C:\Program Files\Java\jdk1.8.0_111\bin;C:\Users\Hp\AppData\Local\Programs\Microsoft VS Code\bin;C:\Program Files\Azure Data Studio\bin;C:\Users\Hp\Downloads\apache-maven-3.6.0\bin;
USERNAME=Hp
OS=Windows_NT
PROCESSOR_IDENTIFIER=Intel64 Family 6 Model 142 Stepping 12, GenuineIntel



---------------  S Y S T E M  ---------------

OS: Windows 10.0 , 64 bit Build 22621 (10.0.22621.2506)

CPU:total 8 (4 cores per cpu, 2 threads per core) family 6 model 142 stepping 12, cmov, cx8, fxsr, mmx, sse, sse2, sse3, ssse3, sse4.1, sse4.2, popcnt, avx, avx2, aes, clmul, erms, 3dnowpref, lzcnt, ht, tsc, tscinvbit, bmi1, bmi2, adx

Memory: 4k page, physical 4012660k(197628k free), swap 16071284k(2900k free)

vm_info: Java HotSpot(TM) 64-Bit Server VM (25.111-b14) for windows-amd64 JRE (1.8.0_111-b14), built on Sep 22 2016 19:24:05 by "java_re" with MS VC++ 10.0 (VS2010)

time: Thu Nov 30 23:56:18 2023
elapsed time: 3 seconds (0d 0h 0m 3s)

