#
# There is insufficient memory for the Java Runtime Environment to continue.
# Native memory allocation (malloc) failed to allocate 65552 bytes for Chunk::new
# Possible reasons:
#   The system is out of physical RAM or swap space
#   In 32 bit mode, the process size limit was hit
# Possible solutions:
#   Reduce memory load on the system
#   Increase physical memory or swap space
#   Check if swap backing store is full
#   Use 64 bit Java on a 64 bit OS
#   Decrease Java heap size (-Xmx/-Xms)
#   Decrease number of Java threads
#   Decrease Java thread stack sizes (-Xss)
#   Set larger code cache with -XX:ReservedCodeCacheSize=
# This output file may be truncated or incomplete.
#
#  Out of Memory Error (allocation.cpp:390), pid=17132, tid=0x00000000000021d8
#
# JRE version: Java(TM) SE Runtime Environment (8.0_111-b14) (build 1.8.0_111-b14)
# Java VM: Java HotSpot(TM) 64-Bit Server VM (25.111-b14 mixed mode windows-amd64 compressed oops)
# Failed to write core dump. Minidumps are not enabled by default on client versions of Windows
#

---------------  T H R E A D  ---------------

Current thread (0x000000001718b800):  JavaThread "C2 CompilerThread0" daemon [_thread_in_native, id=8664, stack(0x0000000017960000,0x0000000017a60000)]

Stack: [0x0000000017960000,0x0000000017a60000]
[error occurred during error reporting (printing stack bounds), id 0xc0000005]

Native frames: (J=compiled Java code, j=interpreted, Vv=VM code, C=native code)


Current CompileTask:
C2:  11355 3760       4       java.net.URLClassLoader$1::run (5 bytes)


---------------  P R O C E S S  ---------------

Java Threads: ( => current thread )
  0x0000000017222000 JavaThread "Service Thread" daemon [_thread_blocked, id=13988, stack(0x0000000017d60000,0x0000000017e60000)]
  0x000000001719d000 JavaThread "C1 CompilerThread3" daemon [_thread_in_native, id=12244, stack(0x0000000017c60000,0x0000000017d60000)]
  0x000000001719a800 JavaThread "C2 CompilerThread2" daemon [_thread_in_native, id=22012, stack(0x0000000017b60000,0x0000000017c60000)]
  0x0000000017192000 JavaThread "C2 CompilerThread1" daemon [_thread_in_native, id=22956, stack(0x0000000017a60000,0x0000000017b60000)]
=>0x000000001718b800 JavaThread "C2 CompilerThread0" daemon [_thread_in_native, id=8664, stack(0x0000000017960000,0x0000000017a60000)]
  0x0000000017189800 JavaThread "Attach Listener" daemon [_thread_blocked, id=20012, stack(0x0000000017860000,0x0000000017960000)]
  0x0000000017188000 JavaThread "Signal Dispatcher" daemon [_thread_blocked, id=11488, stack(0x0000000017760000,0x0000000017860000)]
  0x0000000015293800 JavaThread "Finalizer" daemon [_thread_blocked, id=20676, stack(0x0000000017560000,0x0000000017660000)]
  0x0000000002908000 JavaThread "Reference Handler" daemon [_thread_blocked, id=8044, stack(0x0000000017060000,0x0000000017160000)]
  0x000000000280e800 JavaThread "main" [_thread_in_Java, id=20068, stack(0x0000000002670000,0x0000000002770000)]

Other Threads:
  0x0000000015288000 VMThread [stack: 0x0000000016f60000,0x0000000017060000] [id=17556]
  0x00000000171e9800 WatcherThread [stack: 0x0000000017e60000,0x0000000017f60000] [id=18084]

VM state:not at safepoint (normal execution)

VM Mutex/Monitor currently owned by a thread: None

Heap:
 PSYoungGen      total 70656K, used 7495K [0x00000000eb980000, 0x00000000f2c00000, 0x0000000100000000)
  eden space 63488K, 11% used [0x00000000eb980000,0x00000000ec0d1dc0,0x00000000ef780000)
  from space 7168K, 0% used [0x00000000ef780000,0x00000000ef780000,0x00000000efe80000)
  to   space 7680K, 0% used [0x00000000f2480000,0x00000000f2480000,0x00000000f2c00000)
 ParOldGen       total 38400K, used 10998K [0x00000000c2c00000, 0x00000000c5180000, 0x00000000eb980000)
  object space 38400K, 28% used [0x00000000c2c00000,0x00000000c36bdaa8,0x00000000c5180000)
 Metaspace       used 21088K, capacity 21788K, committed 22144K, reserved 1069056K
  class space    used 2617K, capacity 2821K, committed 2944K, reserved 1048576K

Card table byte_map: [0x0000000011cd0000,0x0000000011ec0000] byte_map_base: 0x00000000116ba000

Marking Bits: (ParMarkBitMap*) 0x000000006b65a6c0
 Begin Bits: [0x0000000012810000, 0x0000000013760000)
 End Bits:   [0x0000000013760000, 0x00000000146b0000)

Polling page: 0x0000000002580000

CodeCache: size=245760Kb used=11641Kb max_used=12406Kb free=234118Kb
 bounds [0x0000000002910000, 0x0000000003540000, 0x0000000011910000]
 total_blobs=3932 nmethods=3546 adapters=298
 compilation: enabled

Compilation events (10 events):
Event: 11.338 Thread 0x000000001719d000 nmethod 3791 0x0000000002a4fed0 code [0x0000000002a50040, 0x0000000002a502c8]
Event: 11.351 Thread 0x000000001719d000 3792       3       com.google.common.collect.SingletonImmutableSet::contains (9 bytes)
Event: 11.351 Thread 0x000000001719d000 nmethod 3792 0x0000000002c56690 code [0x0000000002c56800, 0x0000000002c56a28]
Event: 11.351 Thread 0x000000001719d000 3793       3       com.google.inject.spi.Elements$RecordingBinder::withSource (6 bytes)
Event: 11.352 Thread 0x000000001719d000 nmethod 3793 0x0000000002a4ec10 code [0x0000000002a4ed80, 0x0000000002a4f048]
Event: 11.352 Thread 0x000000001719d000 3800       1       com.google.common.collect.RegularImmutableList::size (6 bytes)
Event: 11.352 Thread 0x000000001719d000 nmethod 3800 0x0000000002d69ad0 code [0x0000000002d69c20, 0x0000000002d69d30]
Event: 11.352 Thread 0x000000001719d000 3794       3       java.util.Optional::empty (6 bytes)
Event: 11.352 Thread 0x000000001719d000 nmethod 3794 0x0000000002d8ca90 code [0x0000000002d8cbe0, 0x0000000002d8cd10]
Event: 11.352 Thread 0x000000001719d000 3795       3       com.google.inject.spi.BindingSourceRestriction$1::visit (6 bytes)

GC Heap History (10 events):
Event: 5.128 GC heap before
{Heap before GC invocations=6 (full 0):
 PSYoungGen      total 18432K, used 18400K [0x00000000eb980000, 0x00000000ee380000, 0x0000000100000000)
  eden space 15872K, 100% used [0x00000000eb980000,0x00000000ec900000,0x00000000ec900000)
  from space 2560K, 98% used [0x00000000ec900000,0x00000000ecb78040,0x00000000ecb80000)
  to   space 5632K, 0% used [0x00000000ede00000,0x00000000ede00000,0x00000000ee380000)
 ParOldGen       total 42496K, used 8670K [0x00000000c2c00000, 0x00000000c5580000, 0x00000000eb980000)
  object space 42496K, 20% used [0x00000000c2c00000,0x00000000c3477be0,0x00000000c5580000)
 Metaspace       used 15725K, capacity 16116K, committed 16256K, reserved 1062912K
  class space    used 2016K, capacity 2171K, committed 2176K, reserved 1048576K
Event: 5.139 GC heap after
Heap after GC invocations=6 (full 0):
 PSYoungGen      total 37376K, used 4789K [0x00000000eb980000, 0x00000000ee380000, 0x0000000100000000)
  eden space 31744K, 0% used [0x00000000eb980000,0x00000000eb980000,0x00000000ed880000)
  from space 5632K, 85% used [0x00000000ede00000,0x00000000ee2ad698,0x00000000ee380000)
  to   space 5632K, 0% used [0x00000000ed880000,0x00000000ed880000,0x00000000ede00000)
 ParOldGen       total 42496K, used 8678K [0x00000000c2c00000, 0x00000000c5580000, 0x00000000eb980000)
  object space 42496K, 20% used [0x00000000c2c00000,0x00000000c3479be0,0x00000000c5580000)
 Metaspace       used 15725K, capacity 16116K, committed 16256K, reserved 1062912K
  class space    used 2016K, capacity 2171K, committed 2176K, reserved 1048576K
}
Event: 6.840 GC heap before
{Heap before GC invocations=7 (full 0):
 PSYoungGen      total 37376K, used 36533K [0x00000000eb980000, 0x00000000ee380000, 0x0000000100000000)
  eden space 31744K, 100% used [0x00000000eb980000,0x00000000ed880000,0x00000000ed880000)
  from space 5632K, 85% used [0x00000000ede00000,0x00000000ee2ad698,0x00000000ee380000)
  to   space 5632K, 0% used [0x00000000ed880000,0x00000000ed880000,0x00000000ede00000)
 ParOldGen       total 42496K, used 8678K [0x00000000c2c00000, 0x00000000c5580000, 0x00000000eb980000)
  object space 42496K, 20% used [0x00000000c2c00000,0x00000000c3479be0,0x00000000c5580000)
 Metaspace       used 18875K, capacity 19488K, committed 19712K, reserved 1067008K
  class space    used 2362K, capacity 2513K, committed 2560K, reserved 1048576K
Event: 6.860 GC heap after
Heap after GC invocations=7 (full 0):
 PSYoungGen      total 37376K, used 5608K [0x00000000eb980000, 0x00000000f0580000, 0x0000000100000000)
  eden space 31744K, 0% used [0x00000000eb980000,0x00000000eb980000,0x00000000ed880000)
  from space 5632K, 99% used [0x00000000ed880000,0x00000000eddfa3a8,0x00000000ede00000)
  to   space 7168K, 0% used [0x00000000efe80000,0x00000000efe80000,0x00000000f0580000)
 ParOldGen       total 42496K, used 10566K [0x00000000c2c00000, 0x00000000c5580000, 0x00000000eb980000)
  object space 42496K, 24% used [0x00000000c2c00000,0x00000000c3651a60,0x00000000c5580000)
 Metaspace       used 18875K, capacity 19488K, committed 19712K, reserved 1067008K
  class space    used 2362K, capacity 2513K, committed 2560K, reserved 1048576K
}
Event: 8.578 GC heap before
{Heap before GC invocations=8 (full 0):
 PSYoungGen      total 37376K, used 37352K [0x00000000eb980000, 0x00000000f0580000, 0x0000000100000000)
  eden space 31744K, 100% used [0x00000000eb980000,0x00000000ed880000,0x00000000ed880000)
  from space 5632K, 99% used [0x00000000ed880000,0x00000000eddfa3a8,0x00000000ede00000)
  to   space 7168K, 0% used [0x00000000efe80000,0x00000000efe80000,0x00000000f0580000)
 ParOldGen       total 42496K, used 10566K [0x00000000c2c00000, 0x00000000c5580000, 0x00000000eb980000)
  object space 42496K, 24% used [0x00000000c2c00000,0x00000000c3651a60,0x00000000c5580000)
 Metaspace       used 19336K, capacity 19962K, committed 20224K, reserved 1067008K
  class space    used 2371K, capacity 2516K, committed 2560K, reserved 1048576K
Event: 8.601 GC heap after
Heap after GC invocations=8 (full 0):
 PSYoungGen      total 70656K, used 5520K [0x00000000eb980000, 0x00000000f0580000, 0x0000000100000000)
  eden space 63488K, 0% used [0x00000000eb980000,0x00000000eb980000,0x00000000ef780000)
  from space 7168K, 77% used [0x00000000efe80000,0x00000000f03e4010,0x00000000f0580000)
  to   space 7168K, 0% used [0x00000000ef780000,0x00000000ef780000,0x00000000efe80000)
 ParOldGen       total 42496K, used 11130K [0x00000000c2c00000, 0x00000000c5580000, 0x00000000eb980000)
  object space 42496K, 26% used [0x00000000c2c00000,0x00000000c36de9f8,0x00000000c5580000)
 Metaspace       used 19336K, capacity 19962K, committed 20224K, reserved 1067008K
  class space    used 2371K, capacity 2516K, committed 2560K, reserved 1048576K
}
Event: 10.869 GC heap before
{Heap before GC invocations=9 (full 0):
 PSYoungGen      total 70656K, used 44619K [0x00000000eb980000, 0x00000000f0580000, 0x0000000100000000)
  eden space 63488K, 61% used [0x00000000eb980000,0x00000000edfaef98,0x00000000ef780000)
  from space 7168K, 77% used [0x00000000efe80000,0x00000000f03e4010,0x00000000f0580000)
  to   space 7168K, 0% used [0x00000000ef780000,0x00000000ef780000,0x00000000efe80000)
 ParOldGen       total 42496K, used 11130K [0x00000000c2c00000, 0x00000000c5580000, 0x00000000eb980000)
  object space 42496K, 26% used [0x00000000c2c00000,0x00000000c36de9f8,0x00000000c5580000)
 Metaspace       used 20405K, capacity 21068K, committed 21248K, reserved 1067008K
  class space    used 2489K, capacity 2689K, committed 2816K, reserved 1048576K
Event: 10.888 GC heap after
Heap after GC invocations=9 (full 0):
 PSYoungGen      total 70656K, used 6644K [0x00000000eb980000, 0x00000000f2c00000, 0x0000000100000000)
  eden space 63488K, 0% used [0x00000000eb980000,0x00000000eb980000,0x00000000ef780000)
  from space 7168K, 92% used [0x00000000ef780000,0x00000000efdfd038,0x00000000efe80000)
  to   space 7680K, 0% used [0x00000000f2480000,0x00000000f2480000,0x00000000f2c00000)
 ParOldGen       total 42496K, used 12539K [0x00000000c2c00000, 0x00000000c5580000, 0x00000000eb980000)
  object space 42496K, 29% used [0x00000000c2c00000,0x00000000c383efe0,0x00000000c5580000)
 Metaspace       used 20405K, capacity 21068K, committed 21248K, reserved 1067008K
  class space    used 2489K, capacity 2689K, committed 2816K, reserved 1048576K
}
Event: 10.889 GC heap before
{Heap before GC invocations=10 (full 1):
 PSYoungGen      total 70656K, used 6644K [0x00000000eb980000, 0x00000000f2c00000, 0x0000000100000000)
  eden space 63488K, 0% used [0x00000000eb980000,0x00000000eb980000,0x00000000ef780000)
  from space 7168K, 92% used [0x00000000ef780000,0x00000000efdfd038,0x00000000efe80000)
  to   space 7680K, 0% used [0x00000000f2480000,0x00000000f2480000,0x00000000f2c00000)
 ParOldGen       total 42496K, used 12539K [0x00000000c2c00000, 0x00000000c5580000, 0x00000000eb980000)
  object space 42496K, 29% used [0x00000000c2c00000,0x00000000c383efe0,0x00000000c5580000)
 Metaspace       used 20405K, capacity 21068K, committed 21248K, reserved 1067008K
  class space    used 2489K, capacity 2689K, committed 2816K, reserved 1048576K
Event: 11.011 GC heap after
Heap after GC invocations=10 (full 1):
 PSYoungGen      total 70656K, used 0K [0x00000000eb980000, 0x00000000f2c00000, 0x0000000100000000)
  eden space 63488K, 0% used [0x00000000eb980000,0x00000000eb980000,0x00000000ef780000)
  from space 7168K, 0% used [0x00000000ef780000,0x00000000ef780000,0x00000000efe80000)
  to   space 7680K, 0% used [0x00000000f2480000,0x00000000f2480000,0x00000000f2c00000)
 ParOldGen       total 38400K, used 10998K [0x00000000c2c00000, 0x00000000c5180000, 0x00000000eb980000)
  object space 38400K, 28% used [0x00000000c2c00000,0x00000000c36bdaa8,0x00000000c5180000)
 Metaspace       used 20405K, capacity 21068K, committed 21248K, reserved 1067008K
  class space    used 2489K, capacity 2689K, committed 2816K, reserved 1048576K
}

Deoptimization events (10 events):
Event: 8.936 Thread 0x000000000280e800 Uncommon trap: reason=unstable_if action=reinterpret pc=0x000000000310a3cc method=org.codehaus.plexus.util.xml.pull.MXParser.parseAttribute()C @ 779
Event: 9.477 Thread 0x000000000280e800 Uncommon trap: reason=unstable_if action=reinterpret pc=0x00000000031bbe10 method=org.codehaus.plexus.util.xml.pull.MXParser.isValidCodePoint(I)Z @ 3
Event: 9.477 Thread 0x000000000280e800 Uncommon trap: reason=unstable_if action=reinterpret pc=0x000000000309ff18 method=org.codehaus.plexus.util.xml.pull.MXParser.isValidCodePoint(I)Z @ 3
Event: 9.477 Thread 0x000000000280e800 Uncommon trap: reason=unstable_if action=reinterpret pc=0x000000000318c0f4 method=org.codehaus.plexus.util.xml.pull.MXParser.isValidCodePoint(I)Z @ 3
Event: 10.454 Thread 0x000000000280e800 Uncommon trap: reason=unstable_if action=reinterpret pc=0x000000000301fac0 method=sun.net.www.protocol.jar.Handler.parseURL(Ljava/net/URL;Ljava/lang/String;II)V @ 94
Event: 10.704 Thread 0x000000000280e800 Uncommon trap: reason=class_check action=maybe_recompile pc=0x0000000002f78688 method=com.google.inject.internal.LinkedBindingImpl.acceptTargetVisitor(Lcom/google/inject/spi/BindingTargetVisitor;)Ljava/lang/Object; @ 2
Event: 10.705 Thread 0x000000000280e800 Uncommon trap: reason=class_check action=maybe_recompile pc=0x0000000002f78688 method=com.google.inject.internal.LinkedBindingImpl.acceptTargetVisitor(Lcom/google/inject/spi/BindingTargetVisitor;)Ljava/lang/Object; @ 2
Event: 11.109 Thread 0x000000000280e800 Uncommon trap: reason=unstable_if action=reinterpret pc=0x000000000352d9bc method=org.codehaus.plexus.classworlds.realm.Entry.matches(Ljava/lang/String;)Z @ 150
Event: 11.350 Thread 0x000000000280e800 Uncommon trap: reason=class_check action=maybe_recompile pc=0x0000000002f78688 method=com.google.inject.internal.LinkedBindingImpl.acceptTargetVisitor(Lcom/google/inject/spi/BindingTargetVisitor;)Ljava/lang/Object; @ 2
Event: 11.350 Thread 0x000000000280e800 Uncommon trap: reason=class_check action=maybe_recompile pc=0x0000000002f78688 method=com.google.inject.internal.LinkedBindingImpl.acceptTargetVisitor(Lcom/google/inject/spi/BindingTargetVisitor;)Ljava/lang/Object; @ 2

Internal exceptions (10 events):
Event: 2.423 Thread 0x000000000280e800 Exception <a 'java/lang/ArrayIndexOutOfBoundsException'> (0x00000000ebae7a30) thrown at [C:\re\workspace\8-2-build-windows-amd64-cygwin\jdk8u111\7883\hotspot\src\share\vm\runtime\sharedRuntime.cpp, line 605]
Event: 2.453 Thread 0x000000000280e800 Exception <a 'java/lang/ArrayIndexOutOfBoundsException'> (0x00000000ebae95c0) thrown at [C:\re\workspace\8-2-build-windows-amd64-cygwin\jdk8u111\7883\hotspot\src\share\vm\runtime\sharedRuntime.cpp, line 605]
Event: 4.481 Thread 0x000000000280e800 Implicit null exception at 0x0000000002c2ca4c to 0x0000000002c2cc01
Event: 5.097 Thread 0x000000000280e800 Exception <a 'java/lang/NoClassDefFoundError': com/google/inject/servlet/ServletModuleTargetVisitor> (0x00000000ec85f798) thrown at [C:\re\workspace\8-2-build-windows-amd64-cygwin\jdk8u111\7883\hotspot\src\share\vm\classfile\systemDictionary.cpp, line 199
Event: 5.097 Thread 0x000000000280e800 Exception <a 'java/lang/NoClassDefFoundError'> (0x00000000ec85f798) thrown at [C:\re\workspace\8-2-build-windows-amd64-cygwin\jdk8u111\7883\hotspot\src\share\vm\prims\jvm.cpp, line 1390]
Event: 6.206 Thread 0x000000000280e800 Implicit null exception at 0x00000000030a0459 to 0x00000000030a0865
Event: 6.806 Thread 0x000000000280e800 Implicit null exception at 0x0000000002d60b15 to 0x0000000002d60ced
Event: 6.815 Thread 0x000000000280e800 Implicit null exception at 0x000000000311aaef to 0x000000000311ab59
Event: 11.159 Thread 0x000000000280e800 Exception <a 'java/lang/NoClassDefFoundError': org/codehaus/plexus/util/interpolation/ValueSource> (0x00000000ebc23cc8) thrown at [C:\re\workspace\8-2-build-windows-amd64-cygwin\jdk8u111\7883\hotspot\src\share\vm\classfile\systemDictionary.cpp, line 199]
Event: 11.165 Thread 0x000000000280e800 Exception <a 'java/lang/NoClassDefFoundError': org/sonatype/aether/version/VersionConstraint> (0x00000000ebc42fd8) thrown at [C:\re\workspace\8-2-build-windows-amd64-cygwin\jdk8u111\7883\hotspot\src\share\vm\classfile\systemDictionary.cpp, line 199]

Events (10 events):
Event: 11.345 loading class org/apache/maven/shared/dependency/analyzer/DefaultClassAnalyzer
Event: 11.345 loading class org/apache/maven/shared/dependency/analyzer/DefaultClassAnalyzer done
Event: 11.347 loading class java/util/zip/ZipException
Event: 11.348 loading class java/util/zip/ZipException done
Event: 11.350 Thread 0x000000000280e800 Uncommon trap: trap_request=0xffffffde fr.pc=0x0000000002f78688
Event: 11.350 Thread 0x000000000280e800 DEOPT PACKING pc=0x0000000002f78688 sp=0x000000000276d4f0
Event: 11.350 Thread 0x000000000280e800 DEOPT UNPACKING pc=0x000000000295582a sp=0x000000000276d480 mode 2
Event: 11.350 Thread 0x000000000280e800 Uncommon trap: trap_request=0xffffffde fr.pc=0x0000000002f78688
Event: 11.350 Thread 0x000000000280e800 DEOPT PACKING pc=0x0000000002f78688 sp=0x000000000276d4f0
Event: 11.350 Thread 0x000000000280e800 DEOPT UNPACKING pc=0x000000000295582a sp=0x000000000276d480 mode 2


Dynamic libraries:
0x00007ff78ad70000 - 0x00007ff78ada7000 	C:\Program Files\Java\jdk1.8.0_111\bin\java.exe
0x00007ffa7be70000 - 0x00007ffa7c087000 	C:\WINDOWS\SYSTEM32\ntdll.dll
0x00007ffa7b0b0000 - 0x00007ffa7b174000 	C:\WINDOWS\System32\KERNEL32.DLL
0x00007ffa79600000 - 0x00007ffa799a5000 	C:\WINDOWS\System32\KERNELBASE.dll
0x00007ffa7b200000 - 0x00007ffa7b2b1000 	C:\WINDOWS\System32\ADVAPI32.dll
0x00007ffa7bb10000 - 0x00007ffa7bbb7000 	C:\WINDOWS\System32\msvcrt.dll
0x00007ffa7b2c0000 - 0x00007ffa7b366000 	C:\WINDOWS\System32\sechost.dll
0x00007ffa7bbc0000 - 0x00007ffa7bcd7000 	C:\WINDOWS\System32\RPCRT4.dll
0x00007ffa7ada0000 - 0x00007ffa7af4e000 	C:\WINDOWS\System32\USER32.dll
0x00007ffa79260000 - 0x00007ffa79286000 	C:\WINDOWS\System32\win32u.dll
0x00007ffa79e30000 - 0x00007ffa79e59000 	C:\WINDOWS\System32\GDI32.dll
0x00007ffa79350000 - 0x00007ffa79469000 	C:\WINDOWS\System32\gdi32full.dll
0x00007ffa799b0000 - 0x00007ffa79a4a000 	C:\WINDOWS\System32\msvcp_win.dll
0x00007ffa79470000 - 0x00007ffa79581000 	C:\WINDOWS\System32\ucrtbase.dll
0x00007ffa5a500000 - 0x00007ffa5a793000 	C:\WINDOWS\WinSxS\amd64_microsoft.windows.common-controls_6595b64144ccf1df_6.0.22621.2506_none_270c5ae97388e100\COMCTL32.dll
0x00007ffa7ba70000 - 0x00007ffa7baa1000 	C:\WINDOWS\System32\IMM32.DLL
0x000000006ad60000 - 0x000000006ae32000 	C:\Program Files\Java\jdk1.8.0_111\jre\bin\msvcr100.dll
0x000000006ae40000 - 0x000000006b6da000 	C:\Program Files\Java\jdk1.8.0_111\jre\bin\server\jvm.dll
0x00007ffa7b000000 - 0x00007ffa7b008000 	C:\WINDOWS\System32\PSAPI.DLL
0x00007ffa6fef0000 - 0x00007ffa6fefa000 	C:\WINDOWS\SYSTEM32\VERSION.dll
0x00007ffa56200000 - 0x00007ffa56209000 	C:\WINDOWS\SYSTEM32\WSOCK32.dll
0x00007ffa70f40000 - 0x00007ffa70f74000 	C:\WINDOWS\SYSTEM32\WINMM.dll
0x00007ffa7b9f0000 - 0x00007ffa7ba61000 	C:\WINDOWS\System32\WS2_32.dll
0x000000006ad10000 - 0x000000006ad1f000 	C:\Program Files\Java\jdk1.8.0_111\jre\bin\verify.dll
0x000000006ace0000 - 0x000000006ad09000 	C:\Program Files\Java\jdk1.8.0_111\jre\bin\java.dll
0x000000006acc0000 - 0x000000006acd6000 	C:\Program Files\Java\jdk1.8.0_111\jre\bin\zip.dll
0x00007ffa7a540000 - 0x00007ffa7ad99000 	C:\WINDOWS\System32\SHELL32.dll
0x00007ffa77100000 - 0x00007ffa779f4000 	C:\WINDOWS\SYSTEM32\windows.storage.dll
0x00007ffa7b370000 - 0x00007ffa7b6f9000 	C:\WINDOWS\System32\combase.dll
0x00007ffa76fc0000 - 0x00007ffa770fe000 	C:\WINDOWS\SYSTEM32\wintypes.dll
0x00007ffa7a2f0000 - 0x00007ffa7a3e3000 	C:\WINDOWS\System32\SHCORE.dll
0x00007ffa7bab0000 - 0x00007ffa7bb0e000 	C:\WINDOWS\System32\shlwapi.dll
0x00007ffa79110000 - 0x00007ffa79136000 	C:\WINDOWS\SYSTEM32\profapi.dll
0x0000000069ac0000 - 0x0000000069ae4000 	C:\Program Files\NetBeans-18\netbeans\java\maven\lib\jansi-native\Windows\x86_64\jansi.dll
0x000000006aca0000 - 0x000000006acba000 	C:\Program Files\Java\jdk1.8.0_111\jre\bin\net.dll
0x00007ffa78660000 - 0x00007ffa786c9000 	C:\WINDOWS\system32\mswsock.dll
0x000000006ac80000 - 0x000000006ac91000 	C:\Program Files\Java\jdk1.8.0_111\jre\bin\nio.dll

VM Arguments:
jvm_args: -Dclassworlds.conf=C:\Program Files\NetBeans-18\netbeans\java\maven\bin\m2.conf -Dmaven.home=C:\Program Files\NetBeans-18\netbeans\java\maven -Dlibrary.jansi.path=C:\Program Files\NetBeans-18\netbeans\java\maven\lib\jansi-native -Dmaven.multiModuleProjectDirectory=C:\Users\Hp\PRJ301_SE17C02_Undeee 
java_command: org.codehaus.plexus.classworlds.launcher.Launcher -Dnetbeans.deploy=true -Dexec.vmArgs= -Dexec.appArgs= -Dmaven.ext.class.path=C:\Program Files\NetBeans-18\netbeans\java\maven-nblib\netbeans-eventspy.jar -Dfile.encoding=UTF-8 --no-transfer-progress package
java_class_path (initial): C:\Program Files\NetBeans-18\netbeans\java\maven\boot\plexus-classworlds-2.6.0.jar
Launcher Type: SUN_STANDARD

Environment Variables:
JAVA_HOME=C:\Program Files\Java\jdk1.8.0_111
PATH=C:\Program Files (x86)\VMware\VMware Workstation\bin\;C:\ProgramData\Oracle\Java\javapath;C:\WINDOWS\system32;C:\WINDOWS;C:\WINDOWS\System32\Wbem;C:\WINDOWS\System32\WindowsPowerShell\v1.0\;C:\WINDOWS\System32\OpenSSH\;C:\Program Files\Java\jdk1.8.0_111\bin;C:\Program Files\Microsoft SQL Server\Client SDK\ODBC\170\Tools\Binn\;C:\Program Files (x86)\Microsoft SQL Server\150\Tools\Binn\;C:\Program Files\Microsoft SQL Server\150\Tools\Binn\;C:\Program Files\Microsoft SQL Server\150\DTS\Binn\;C:\Program Files (x86)\Microsoft SQL Server\160\Tools\Binn\;C:\Program Files\Microsoft SQL Server\160\Tools\Binn\;C:\Program Files\Microsoft SQL Server\160\DTS\Binn\;C:\Program Files (x86)\Microsoft SQL Server\160\DTS\Binn\;C:\Program Files\Azure Data Studio\bin;C:\Users\Hp\Downloads\apache-maven-3.6.0\bin;C:\Program Files\Git\cmd;C:\Users\Hp\AppData\Local\Microsoft\WindowsApps;C:\Program Files\Java\jdk1.8.0_111\bin;C:\Users\Hp\AppData\Local\Programs\Microsoft VS Code\bin;C:\Program Files\Azure Data Studio\bin;C:\Users\Hp\Downloads\apache-maven-3.6.0\bin;
USERNAME=Hp
OS=Windows_NT
PROCESSOR_IDENTIFIER=Intel64 Family 6 Model 142 Stepping 12, GenuineIntel



---------------  S Y S T E M  ---------------

OS: Windows 10.0 , 64 bit Build 22621 (10.0.22621.2506)

CPU:total 8 (4 cores per cpu, 2 threads per core) family 6 model 142 stepping 12, cmov, cx8, fxsr, mmx, sse, sse2, sse3, ssse3, sse4.1, sse4.2, popcnt, avx, avx2, aes, clmul, erms, 3dnowpref, lzcnt, ht, tsc, tscinvbit, bmi1, bmi2, adx

Memory: 4k page, physical 4012660k(331588k free), swap 16071284k(3944k free)

vm_info: Java HotSpot(TM) 64-Bit Server VM (25.111-b14) for windows-amd64 JRE (1.8.0_111-b14), built on Sep 22 2016 19:24:05 by "java_re" with MS VC++ 10.0 (VS2010)

time: Thu Nov 30 23:55:24 2023
elapsed time: 11 seconds (0d 0h 0m 11s)

