#
# There is insufficient memory for the Java Runtime Environment to continue.
# Native memory allocation (malloc) failed to allocate 1593664 bytes for Chunk::new
# Possible reasons:
#   The system is out of physical RAM or swap space
#   In 32 bit mode, the process size limit was hit
# Possible solutions:
#   Reduce memory load on the system
#   Increase physical memory or swap space
#   Check if swap backing store is full
#   Use 64 bit Java on a 64 bit OS
#   Decrease Java heap size (-Xmx/-Xms)
#   Decrease number of Java threads
#   Decrease Java thread stack sizes (-Xss)
#   Set larger code cache with -XX:ReservedCodeCacheSize=
# This output file may be truncated or incomplete.
#
#  Out of Memory Error (allocation.cpp:390), pid=16908, tid=0x0000000000005654
#
# JRE version: Java(TM) SE Runtime Environment (8.0_111-b14) (build 1.8.0_111-b14)
# Java VM: Java HotSpot(TM) 64-Bit Server VM (25.111-b14 mixed mode windows-amd64 compressed oops)
# Failed to write core dump. Minidumps are not enabled by default on client versions of Windows
#

---------------  T H R E A D  ---------------

Current thread (0x0000000017acf000):  JavaThread "C2 CompilerThread1" daemon [_thread_in_native, id=22100, stack(0x00000000183a0000,0x00000000184a0000)]

Stack: [0x00000000183a0000,0x00000000184a0000]
[error occurred during error reporting (printing stack bounds), id 0xc0000005]

Native frames: (J=compiled Java code, j=interpreted, Vv=VM code, C=native code)


Current CompileTask:
C2:   3060 1638       4       java.net.URLClassLoader$1::run (5 bytes)


---------------  P R O C E S S  ---------------

Java Threads: ( => current thread )
  0x0000000017b71800 JavaThread "Service Thread" daemon [_thread_blocked, id=13748, stack(0x00000000186a0000,0x00000000187a0000)]
  0x0000000017ae5000 JavaThread "C1 CompilerThread3" daemon [_thread_blocked, id=19400, stack(0x00000000185a0000,0x00000000186a0000)]
  0x0000000017ad9800 JavaThread "C2 CompilerThread2" daemon [_thread_in_native, id=22828, stack(0x00000000184a0000,0x00000000185a0000)]
=>0x0000000017acf000 JavaThread "C2 CompilerThread1" daemon [_thread_in_native, id=22100, stack(0x00000000183a0000,0x00000000184a0000)]
  0x0000000017aca800 JavaThread "C2 CompilerThread0" daemon [_thread_in_native, id=22132, stack(0x00000000182a0000,0x00000000183a0000)]
  0x0000000017ac8800 JavaThread "Attach Listener" daemon [_thread_blocked, id=13316, stack(0x00000000181a0000,0x00000000182a0000)]
  0x0000000017ac7000 JavaThread "Signal Dispatcher" daemon [_thread_blocked, id=19424, stack(0x00000000180a0000,0x00000000181a0000)]
  0x0000000017ac0800 JavaThread "Finalizer" daemon [_thread_blocked, id=260, stack(0x0000000017ea0000,0x0000000017fa0000)]
  0x0000000015bbd000 JavaThread "Reference Handler" daemon [_thread_blocked, id=13824, stack(0x00000000179a0000,0x0000000017aa0000)]
  0x000000000172e800 JavaThread "main" [_thread_in_vm, id=16472, stack(0x0000000002fc0000,0x00000000030c0000)]

Other Threads:
  0x0000000015bb8000 VMThread [stack: 0x00000000178a0000,0x00000000179a0000] [id=14668]
  0x0000000017b7e800 WatcherThread [stack: 0x00000000187a0000,0x00000000188a0000] [id=16288]

VM state:not at safepoint (normal execution)

VM Mutex/Monitor currently owned by a thread: None

Heap:
 PSYoungGen      total 34304K, used 14735K [0x00000000eb980000, 0x00000000f0580000, 0x0000000100000000)
  eden space 31744K, 38% used [0x00000000eb980000,0x00000000ec567d58,0x00000000ed880000)
  from space 2560K, 99% used [0x00000000ed880000,0x00000000edafc030,0x00000000edb00000)
  to   space 7168K, 0% used [0x00000000efe80000,0x00000000efe80000,0x00000000f0580000)
 ParOldGen       total 42496K, used 10628K [0x00000000c2c00000, 0x00000000c5580000, 0x00000000eb980000)
  object space 42496K, 25% used [0x00000000c2c00000,0x00000000c3661208,0x00000000c5580000)
 Metaspace       used 17350K, capacity 17838K, committed 18048K, reserved 1064960K
  class space    used 2210K, capacity 2384K, committed 2432K, reserved 1048576K

Card table byte_map: [0x0000000012600000,0x00000000127f0000] byte_map_base: 0x0000000011fea000

Marking Bits: (ParMarkBitMap*) 0x000000006b65a6c0
 Begin Bits: [0x0000000013140000, 0x0000000014090000)
 End Bits:   [0x0000000014090000, 0x0000000014fe0000)

Polling page: 0x00000000016f0000

CodeCache: size=245760Kb used=6924Kb max_used=6924Kb free=238835Kb
 bounds [0x0000000003240000, 0x0000000003910000, 0x0000000012240000]
 total_blobs=2514 nmethods=2163 adapters=263
 compilation: enabled

Compilation events (10 events):
Event: 3.051 Thread 0x0000000017ae5000 2163       3       java.lang.Class$MethodArray::get (7 bytes)
Event: 3.051 Thread 0x0000000017ae5000 nmethod 2163 0x0000000003905410 code [0x0000000003905560, 0x00000000039056d0]
Event: 3.055 Thread 0x0000000017ae5000 2166       3       java.lang.String::replace (127 bytes)
Event: 3.056 Thread 0x0000000017ae5000 nmethod 2166 0x00000000039057d0 code [0x0000000003905980, 0x0000000003906030]
Event: 3.057 Thread 0x0000000017ae5000 2167       1       java.lang.String::toString (2 bytes)
Event: 3.057 Thread 0x0000000017ae5000 nmethod 2167 0x00000000039063d0 code [0x0000000003906520, 0x0000000003906630]
Event: 3.058 Thread 0x0000000017ae5000 2168       3       sun.reflect.ReflectionFactory::inflationThreshold (4 bytes)
Event: 3.058 Thread 0x0000000017ae5000 nmethod 2168 0x0000000003906690 code [0x00000000039067e0, 0x0000000003906910]
Event: 3.058 Thread 0x0000000017ae5000 2169       3       java.lang.String::contains (20 bytes)
Event: 3.058 Thread 0x0000000017ae5000 nmethod 2169 0x0000000003906990 code [0x0000000003906b20, 0x0000000003906fb8]

GC Heap History (10 events):
Event: 0.859 GC heap before
{Heap before GC invocations=1 (full 0):
 PSYoungGen      total 18432K, used 15872K [0x00000000eb980000, 0x00000000ece00000, 0x0000000100000000)
  eden space 15872K, 100% used [0x00000000eb980000,0x00000000ec900000,0x00000000ec900000)
  from space 2560K, 0% used [0x00000000ecb80000,0x00000000ecb80000,0x00000000ece00000)
  to   space 2560K, 0% used [0x00000000ec900000,0x00000000ec900000,0x00000000ecb80000)
 ParOldGen       total 42496K, used 0K [0x00000000c2c00000, 0x00000000c5580000, 0x00000000eb980000)
  object space 42496K, 0% used [0x00000000c2c00000,0x00000000c2c00000,0x00000000c5580000)
 Metaspace       used 7532K, capacity 7764K, committed 7936K, reserved 1056768K
  class space    used 859K, capacity 972K, committed 1024K, reserved 1048576K
Event: 0.864 GC heap after
Heap after GC invocations=1 (full 0):
 PSYoungGen      total 18432K, used 2549K [0x00000000eb980000, 0x00000000ece00000, 0x0000000100000000)
  eden space 15872K, 0% used [0x00000000eb980000,0x00000000eb980000,0x00000000ec900000)
  from space 2560K, 99% used [0x00000000ec900000,0x00000000ecb7d648,0x00000000ecb80000)
  to   space 2560K, 0% used [0x00000000ecb80000,0x00000000ecb80000,0x00000000ece00000)
 ParOldGen       total 42496K, used 928K [0x00000000c2c00000, 0x00000000c5580000, 0x00000000eb980000)
  object space 42496K, 2% used [0x00000000c2c00000,0x00000000c2ce83a0,0x00000000c5580000)
 Metaspace       used 7532K, capacity 7764K, committed 7936K, reserved 1056768K
  class space    used 859K, capacity 972K, committed 1024K, reserved 1048576K
}
Event: 1.168 GC heap before
{Heap before GC invocations=2 (full 0):
 PSYoungGen      total 18432K, used 18421K [0x00000000eb980000, 0x00000000ece00000, 0x0000000100000000)
  eden space 15872K, 100% used [0x00000000eb980000,0x00000000ec900000,0x00000000ec900000)
  from space 2560K, 99% used [0x00000000ec900000,0x00000000ecb7d648,0x00000000ecb80000)
  to   space 2560K, 0% used [0x00000000ecb80000,0x00000000ecb80000,0x00000000ece00000)
 ParOldGen       total 42496K, used 928K [0x00000000c2c00000, 0x00000000c5580000, 0x00000000eb980000)
  object space 42496K, 2% used [0x00000000c2c00000,0x00000000c2ce83a0,0x00000000c5580000)
 Metaspace       used 9480K, capacity 9746K, committed 10112K, reserved 1058816K
  class space    used 1175K, capacity 1295K, committed 1408K, reserved 1048576K
Event: 1.173 GC heap after
Heap after GC invocations=2 (full 0):
 PSYoungGen      total 18432K, used 2545K [0x00000000eb980000, 0x00000000edd80000, 0x0000000100000000)
  eden space 15872K, 0% used [0x00000000eb980000,0x00000000eb980000,0x00000000ec900000)
  from space 2560K, 99% used [0x00000000ecb80000,0x00000000ecdfc490,0x00000000ece00000)
  to   space 2560K, 0% used [0x00000000ec900000,0x00000000ec900000,0x00000000ecb80000)
 ParOldGen       total 42496K, used 2100K [0x00000000c2c00000, 0x00000000c5580000, 0x00000000eb980000)
  object space 42496K, 4% used [0x00000000c2c00000,0x00000000c2e0d390,0x00000000c5580000)
 Metaspace       used 9480K, capacity 9746K, committed 10112K, reserved 1058816K
  class space    used 1175K, capacity 1295K, committed 1408K, reserved 1048576K
}
Event: 1.456 GC heap before
{Heap before GC invocations=3 (full 0):
 PSYoungGen      total 18432K, used 18417K [0x00000000eb980000, 0x00000000edd80000, 0x0000000100000000)
  eden space 15872K, 100% used [0x00000000eb980000,0x00000000ec900000,0x00000000ec900000)
  from space 2560K, 99% used [0x00000000ecb80000,0x00000000ecdfc490,0x00000000ece00000)
  to   space 2560K, 0% used [0x00000000ec900000,0x00000000ec900000,0x00000000ecb80000)
 ParOldGen       total 42496K, used 2100K [0x00000000c2c00000, 0x00000000c5580000, 0x00000000eb980000)
  object space 42496K, 4% used [0x00000000c2c00000,0x00000000c2e0d390,0x00000000c5580000)
 Metaspace       used 10572K, capacity 10812K, committed 11008K, reserved 1058816K
  class space    used 1305K, capacity 1428K, committed 1536K, reserved 1048576K
Event: 1.462 GC heap after
Heap after GC invocations=3 (full 0):
 PSYoungGen      total 18432K, used 2544K [0x00000000eb980000, 0x00000000edd80000, 0x0000000100000000)
  eden space 15872K, 0% used [0x00000000eb980000,0x00000000eb980000,0x00000000ec900000)
  from space 2560K, 99% used [0x00000000ec900000,0x00000000ecb7c030,0x00000000ecb80000)
  to   space 2560K, 0% used [0x00000000edb00000,0x00000000edb00000,0x00000000edd80000)
 ParOldGen       total 42496K, used 3860K [0x00000000c2c00000, 0x00000000c5580000, 0x00000000eb980000)
  object space 42496K, 9% used [0x00000000c2c00000,0x00000000c2fc5058,0x00000000c5580000)
 Metaspace       used 10572K, capacity 10812K, committed 11008K, reserved 1058816K
  class space    used 1305K, capacity 1428K, committed 1536K, reserved 1048576K
}
Event: 1.758 GC heap before
{Heap before GC invocations=4 (full 0):
 PSYoungGen      total 18432K, used 18416K [0x00000000eb980000, 0x00000000edd80000, 0x0000000100000000)
  eden space 15872K, 100% used [0x00000000eb980000,0x00000000ec900000,0x00000000ec900000)
  from space 2560K, 99% used [0x00000000ec900000,0x00000000ecb7c030,0x00000000ecb80000)
  to   space 2560K, 0% used [0x00000000edb00000,0x00000000edb00000,0x00000000edd80000)
 ParOldGen       total 42496K, used 3860K [0x00000000c2c00000, 0x00000000c5580000, 0x00000000eb980000)
  object space 42496K, 9% used [0x00000000c2c00000,0x00000000c2fc5058,0x00000000c5580000)
 Metaspace       used 11942K, capacity 12218K, committed 12416K, reserved 1060864K
  class space    used 1481K, capacity 1597K, committed 1664K, reserved 1048576K
Event: 1.765 GC heap after
Heap after GC invocations=4 (full 0):
 PSYoungGen      total 34304K, used 2544K [0x00000000eb980000, 0x00000000edd80000, 0x0000000100000000)
  eden space 31744K, 0% used [0x00000000eb980000,0x00000000eb980000,0x00000000ed880000)
  from space 2560K, 99% used [0x00000000edb00000,0x00000000edd7c010,0x00000000edd80000)
  to   space 2560K, 0% used [0x00000000ed880000,0x00000000ed880000,0x00000000edb00000)
 ParOldGen       total 42496K, used 5940K [0x00000000c2c00000, 0x00000000c5580000, 0x00000000eb980000)
  object space 42496K, 13% used [0x00000000c2c00000,0x00000000c31cd148,0x00000000c5580000)
 Metaspace       used 11942K, capacity 12218K, committed 12416K, reserved 1060864K
  class space    used 1481K, capacity 1597K, committed 1664K, reserved 1048576K
}
Event: 2.654 GC heap before
{Heap before GC invocations=5 (full 0):
 PSYoungGen      total 34304K, used 34288K [0x00000000eb980000, 0x00000000edd80000, 0x0000000100000000)
  eden space 31744K, 100% used [0x00000000eb980000,0x00000000ed880000,0x00000000ed880000)
  from space 2560K, 99% used [0x00000000edb00000,0x00000000edd7c010,0x00000000edd80000)
  to   space 2560K, 0% used [0x00000000ed880000,0x00000000ed880000,0x00000000edb00000)
 ParOldGen       total 42496K, used 5940K [0x00000000c2c00000, 0x00000000c5580000, 0x00000000eb980000)
  object space 42496K, 13% used [0x00000000c2c00000,0x00000000c31cd148,0x00000000c5580000)
 Metaspace       used 15707K, capacity 16116K, committed 16256K, reserved 1062912K
  class space    used 2016K, capacity 2171K, committed 2176K, reserved 1048576K
Event: 2.666 GC heap after
Heap after GC invocations=5 (full 0):
 PSYoungGen      total 34304K, used 2544K [0x00000000eb980000, 0x00000000f0580000, 0x0000000100000000)
  eden space 31744K, 0% used [0x00000000eb980000,0x00000000eb980000,0x00000000ed880000)
  from space 2560K, 99% used [0x00000000ed880000,0x00000000edafc030,0x00000000edb00000)
  to   space 7168K, 0% used [0x00000000efe80000,0x00000000efe80000,0x00000000f0580000)
 ParOldGen       total 42496K, used 10628K [0x00000000c2c00000, 0x00000000c5580000, 0x00000000eb980000)
  object space 42496K, 25% used [0x00000000c2c00000,0x00000000c3661208,0x00000000c5580000)
 Metaspace       used 15707K, capacity 16116K, committed 16256K, reserved 1062912K
  class space    used 2016K, capacity 2171K, committed 2176K, reserved 1048576K
}

Deoptimization events (10 events):
Event: 2.849 Thread 0x000000000172e800 Uncommon trap: reason=unstable_if action=reinterpret pc=0x0000000003572b04 method=sun.nio.cs.StreamDecoder.implRead([CII)I @ 36
Event: 2.849 Thread 0x000000000172e800 Uncommon trap: reason=unloaded action=reinterpret pc=0x0000000003520a94 method=org.codehaus.plexus.util.xml.pull.MXParser.more()C @ 22
Event: 2.875 Thread 0x000000000172e800 Uncommon trap: reason=unstable_if action=reinterpret pc=0x00000000035b06ac method=java.util.regex.Pattern$BitClass.isSatisfiedBy(I)Z @ 13
Event: 2.876 Thread 0x000000000172e800 Uncommon trap: reason=unstable_if action=reinterpret pc=0x00000000035510a0 method=sun.nio.cs.StreamDecoder.implRead([CII)I @ 36
Event: 2.938 Thread 0x000000000172e800 Uncommon trap: reason=class_check action=maybe_recompile pc=0x00000000035b46b0 method=java.util.regex.Pattern$7.isSatisfiedBy(I)Z @ 5
Event: 2.938 Thread 0x000000000172e800 Uncommon trap: reason=class_check action=maybe_recompile pc=0x00000000035b46b0 method=java.util.regex.Pattern$7.isSatisfiedBy(I)Z @ 5
Event: 2.938 Thread 0x000000000172e800 Uncommon trap: reason=class_check action=maybe_recompile pc=0x00000000035b46b0 method=java.util.regex.Pattern$7.isSatisfiedBy(I)Z @ 5
Event: 2.938 Thread 0x000000000172e800 Uncommon trap: reason=class_check action=maybe_recompile pc=0x00000000035b46b0 method=java.util.regex.Pattern$7.isSatisfiedBy(I)Z @ 5
Event: 2.996 Thread 0x000000000172e800 Uncommon trap: reason=unstable_if action=reinterpret pc=0x00000000035610d4 method=sun.nio.cs.StreamDecoder.implRead([CII)I @ 36
Event: 3.055 Thread 0x000000000172e800 Uncommon trap: reason=unstable_if action=reinterpret pc=0x00000000033d9a44 method=java.lang.String.replace(CC)Ljava/lang/String; @ 2

Internal exceptions (10 events):
Event: 0.976 Thread 0x000000000172e800 Exception <a 'java/lang/NoSuchMethodError': java.lang.Object.lambda$comparing$ea9a8b3a$1(Ljava/util/Comparator;Ljava/util/function/Function;Ljava/lang/Object;Ljava/lang/Object;)I> (0x00000000ebd07368) thrown at [C:\re\workspace\8-2-build-windows-amd64-cyg
Event: 0.977 Thread 0x000000000172e800 Exception <a 'java/lang/NoSuchMethodError': java.lang.Object.lambda$thenComparing$36697e65$1(Ljava/util/Comparator;Ljava/lang/Object;Ljava/lang/Object;)I> (0x00000000ebd0ef80) thrown at [C:\re\workspace\8-2-build-windows-amd64-cygwin\jdk8u111\7883\hotspot
Event: 1.050 Thread 0x000000000172e800 Exception <a 'java/lang/ArrayIndexOutOfBoundsException'> (0x00000000ec053b60) thrown at [C:\re\workspace\8-2-build-windows-amd64-cygwin\jdk8u111\7883\hotspot\src\share\vm\runtime\sharedRuntime.cpp, line 605]
Event: 1.061 Thread 0x000000000172e800 Exception <a 'java/lang/ArrayIndexOutOfBoundsException'> (0x00000000ec0bdac8) thrown at [C:\re\workspace\8-2-build-windows-amd64-cygwin\jdk8u111\7883\hotspot\src\share\vm\runtime\sharedRuntime.cpp, line 605]
Event: 1.066 Thread 0x000000000172e800 Exception <a 'java/lang/NoClassDefFoundError': javax/enterprise/inject/Typed> (0x00000000ec0ed0c0) thrown at [C:\re\workspace\8-2-build-windows-amd64-cygwin\jdk8u111\7883\hotspot\src\share\vm\classfile\systemDictionary.cpp, line 199]
Event: 1.192 Thread 0x000000000172e800 Exception <a 'java/lang/ArrayIndexOutOfBoundsException'> (0x00000000ebae82e0) thrown at [C:\re\workspace\8-2-build-windows-amd64-cygwin\jdk8u111\7883\hotspot\src\share\vm\runtime\sharedRuntime.cpp, line 605]
Event: 1.193 Thread 0x000000000172e800 Exception <a 'java/lang/ArrayIndexOutOfBoundsException'> (0x00000000ebae9e70) thrown at [C:\re\workspace\8-2-build-windows-amd64-cygwin\jdk8u111\7883\hotspot\src\share\vm\runtime\sharedRuntime.cpp, line 605]
Event: 2.263 Thread 0x000000000172e800 Implicit null exception at 0x00000000035ee40c to 0x00000000035ee5c1
Event: 2.632 Thread 0x000000000172e800 Exception <a 'java/lang/NoClassDefFoundError': com/google/inject/servlet/ServletModuleTargetVisitor> (0x00000000ed7e6998) thrown at [C:\re\workspace\8-2-build-windows-amd64-cygwin\jdk8u111\7883\hotspot\src\share\vm\classfile\systemDictionary.cpp, line 199
Event: 2.632 Thread 0x000000000172e800 Exception <a 'java/lang/NoClassDefFoundError'> (0x00000000ed7e6998) thrown at [C:\re\workspace\8-2-build-windows-amd64-cygwin\jdk8u111\7883\hotspot\src\share\vm\prims\jvm.cpp, line 1390]

Events (10 events):
Event: 3.046 loading class org/apache/maven/model/DistributionManagement done
Event: 3.051 loading class org/codehaus/plexus/interpolation/util/StringUtils
Event: 3.051 loading class org/codehaus/plexus/interpolation/util/StringUtils done
Event: 3.052 loading class org/apache/maven/model/Extension
Event: 3.052 loading class org/apache/maven/model/Extension done
Event: 3.055 Thread 0x000000000172e800 Uncommon trap: trap_request=0xffffff65 fr.pc=0x00000000033d9a44
Event: 3.055 Thread 0x000000000172e800 DEOPT PACKING pc=0x00000000033d9a44 sp=0x00000000030bd870
Event: 3.055 Thread 0x000000000172e800 DEOPT UNPACKING pc=0x000000000328582a sp=0x00000000030bd7f8 mode 2
Event: 3.058 loading class org/apache/maven/repository/internal/ArtifactDescriptorUtils
Event: 3.058 loading class org/apache/maven/repository/internal/ArtifactDescriptorUtils done


Dynamic libraries:
0x00007ff6121e0000 - 0x00007ff612217000 	C:\Program Files\Java\jdk1.8.0_111\bin\java.exe
0x00007fff8c0b0000 - 0x00007fff8c2c7000 	C:\WINDOWS\SYSTEM32\ntdll.dll
0x00007fff89e00000 - 0x00007fff89ec4000 	C:\WINDOWS\System32\KERNEL32.DLL
0x00007fff89420000 - 0x00007fff897c5000 	C:\WINDOWS\System32\KERNELBASE.dll
0x00007fff8af50000 - 0x00007fff8b001000 	C:\WINDOWS\System32\ADVAPI32.dll
0x00007fff8a9b0000 - 0x00007fff8aa57000 	C:\WINDOWS\System32\msvcrt.dll
0x00007fff8aaf0000 - 0x00007fff8ab96000 	C:\WINDOWS\System32\sechost.dll
0x00007fff8a890000 - 0x00007fff8a9a7000 	C:\WINDOWS\System32\RPCRT4.dll
0x00007fff8a630000 - 0x00007fff8a7de000 	C:\WINDOWS\System32\USER32.dll
0x00007fff89ad0000 - 0x00007fff89af6000 	C:\WINDOWS\System32\win32u.dll
0x00007fff8a7e0000 - 0x00007fff8a809000 	C:\WINDOWS\System32\GDI32.dll
0x00007fff897d0000 - 0x00007fff898e9000 	C:\WINDOWS\System32\gdi32full.dll
0x00007fff89b00000 - 0x00007fff89b9a000 	C:\WINDOWS\System32\msvcp_win.dll
0x00007fff89ce0000 - 0x00007fff89df1000 	C:\WINDOWS\System32\ucrtbase.dll
0x00007fff696c0000 - 0x00007fff69953000 	C:\WINDOWS\WinSxS\amd64_microsoft.windows.common-controls_6595b64144ccf1df_6.0.22621.2506_none_270c5ae97388e100\COMCTL32.dll
0x00007fff89f50000 - 0x00007fff89f81000 	C:\WINDOWS\System32\IMM32.DLL
0x000000006ad60000 - 0x000000006ae32000 	C:\Program Files\Java\jdk1.8.0_111\jre\bin\msvcr100.dll
0x000000006ae40000 - 0x000000006b6da000 	C:\Program Files\Java\jdk1.8.0_111\jre\bin\server\jvm.dll
0x00007fff8a620000 - 0x00007fff8a628000 	C:\WINDOWS\System32\PSAPI.DLL
0x00007fff84570000 - 0x00007fff84579000 	C:\WINDOWS\SYSTEM32\WSOCK32.dll
0x00007fff89ed0000 - 0x00007fff89f41000 	C:\WINDOWS\System32\WS2_32.dll
0x00007fff80e00000 - 0x00007fff80e34000 	C:\WINDOWS\SYSTEM32\WINMM.dll
0x00007fff7fdb0000 - 0x00007fff7fdba000 	C:\WINDOWS\SYSTEM32\VERSION.dll
0x000000006ad10000 - 0x000000006ad1f000 	C:\Program Files\Java\jdk1.8.0_111\jre\bin\verify.dll
0x000000006ace0000 - 0x000000006ad09000 	C:\Program Files\Java\jdk1.8.0_111\jre\bin\java.dll
0x000000006acc0000 - 0x000000006acd6000 	C:\Program Files\Java\jdk1.8.0_111\jre\bin\zip.dll
0x00007fff8b730000 - 0x00007fff8bf89000 	C:\WINDOWS\System32\SHELL32.dll
0x00007fff87340000 - 0x00007fff87c34000 	C:\WINDOWS\SYSTEM32\windows.storage.dll
0x00007fff8abc0000 - 0x00007fff8af49000 	C:\WINDOWS\System32\combase.dll
0x00007fff87200000 - 0x00007fff8733e000 	C:\WINDOWS\SYSTEM32\wintypes.dll
0x00007fff8b010000 - 0x00007fff8b103000 	C:\WINDOWS\System32\SHCORE.dll
0x00007fff8a810000 - 0x00007fff8a86e000 	C:\WINDOWS\System32\shlwapi.dll
0x00007fff89350000 - 0x00007fff89376000 	C:\WINDOWS\SYSTEM32\profapi.dll
0x0000000069ac0000 - 0x0000000069ae4000 	C:\Program Files\NetBeans-18\netbeans\java\maven\lib\jansi-native\Windows\x86_64\jansi.dll

VM Arguments:
jvm_args: -Dclassworlds.conf=C:\Program Files\NetBeans-18\netbeans\java\maven\bin\m2.conf -Dmaven.home=C:\Program Files\NetBeans-18\netbeans\java\maven -Dlibrary.jansi.path=C:\Program Files\NetBeans-18\netbeans\java\maven\lib\jansi-native -Dmaven.multiModuleProjectDirectory=C:\Users\Hp\PRJ301_SE17C02_Undeee 
java_command: org.codehaus.plexus.classworlds.launcher.Launcher -Dnetbeans.deploy=true -Dexec.vmArgs= -Dexec.appArgs= -Dmaven.ext.class.path=C:\Program Files\NetBeans-18\netbeans\java\maven-nblib\netbeans-eventspy.jar -Dfile.encoding=UTF-8 --no-transfer-progress package
java_class_path (initial): C:\Program Files\NetBeans-18\netbeans\java\maven\boot\plexus-classworlds-2.6.0.jar
Launcher Type: SUN_STANDARD

Environment Variables:
JAVA_HOME=C:\Program Files\Java\jdk1.8.0_111
PATH=C:\Program Files (x86)\VMware\VMware Workstation\bin\;C:\ProgramData\Oracle\Java\javapath;C:\WINDOWS\system32;C:\WINDOWS;C:\WINDOWS\System32\Wbem;C:\WINDOWS\System32\WindowsPowerShell\v1.0\;C:\WINDOWS\System32\OpenSSH\;C:\Program Files\Java\jdk1.8.0_111\bin;C:\Program Files\Microsoft SQL Server\Client SDK\ODBC\170\Tools\Binn\;C:\Program Files (x86)\Microsoft SQL Server\150\Tools\Binn\;C:\Program Files\Microsoft SQL Server\150\Tools\Binn\;C:\Program Files\Microsoft SQL Server\150\DTS\Binn\;C:\Program Files (x86)\Microsoft SQL Server\160\Tools\Binn\;C:\Program Files\Microsoft SQL Server\160\Tools\Binn\;C:\Program Files\Microsoft SQL Server\160\DTS\Binn\;C:\Program Files (x86)\Microsoft SQL Server\160\DTS\Binn\;C:\Program Files\Azure Data Studio\bin;C:\Users\Hp\Downloads\apache-maven-3.6.0\bin;C:\Program Files\Git\cmd;C:\Users\Hp\AppData\Local\Microsoft\WindowsApps;C:\Program Files\Java\jdk1.8.0_111\bin;C:\Users\Hp\AppData\Local\Programs\Microsoft VS Code\bin;C:\Program Files\Azure Data Studio\bin;C:\Users\Hp\Downloads\apache-maven-3.6.0\bin;
USERNAME=Hp
OS=Windows_NT
PROCESSOR_IDENTIFIER=Intel64 Family 6 Model 142 Stepping 12, GenuineIntel



---------------  S Y S T E M  ---------------

OS: Windows 10.0 , 64 bit Build 22621 (10.0.22621.2506)

CPU:total 8 (4 cores per cpu, 2 threads per core) family 6 model 142 stepping 12, cmov, cx8, fxsr, mmx, sse, sse2, sse3, ssse3, sse4.1, sse4.2, popcnt, avx, avx2, aes, clmul, erms, 3dnowpref, lzcnt, ht, tsc, tscinvbit, bmi1, bmi2, adx

Memory: 4k page, physical 4012660k(146052k free), swap 16071284k(6196k free)

vm_info: Java HotSpot(TM) 64-Bit Server VM (25.111-b14) for windows-amd64 JRE (1.8.0_111-b14), built on Sep 22 2016 19:24:05 by "java_re" with MS VC++ 10.0 (VS2010)

time: Wed Nov 29 07:43:02 2023
elapsed time: 3 seconds (0d 0h 0m 3s)

